[run_slam] Résultats dans : /home/nathanrasami/Documents/Polytech/Stage4A/SLAM/sonar-SLAM/results/run_holoocean_2026-07-16_131530
Warning: Ignoring XDG_SESSION_TYPE=wayland on Gnome. Use QT_QPA_PLATFORM=wayland to run on Wayland anyway.
[0m[INFO] [1784178930.871751471]: Opening /home/nathanrasami/Documents/Polytech/Stage4A/SLAM/sonar-SLAM/BAG_files/holoocean_3d_traj5_noise.bag[0m
Waiting 0.2 seconds after advertising topics... done.

Hit space to toggle paused, or 's' to step.

** (rviz:245329): WARNING **: 13:15:56.344: atk-bridge: get_device_events_reply: unknown signature

Done.
[INFO] [1784178931.784294, 0.000000]: Start online sonar feature extraction...
[INFO] [1784178931.279994, 0.000000]: [sonar_bridge] ready — /sonar → /sonar_oculus_node/ping
[INFO] [1784178934.104730, 1.144296]: [sonar_bridge] 1024 ranges × 512 beams, res=0.0391 m/bin, FOV=120.0°
[INFO] [1784178931.238925, 0.000000]: [dvl_imu_odom] /dvl + /imu -> /direct_sonar/pose (intégration planaire)
[INFO] [1784178931.220585, 0.000000]: [gt_odom_to_pose] /ground_truth (Odometry) -> /pose_gt (PoseStamped)
SLAM STATUS:  True
SSM:  False
NSSM:  True
SONAR CONTEXT:  True
USBL FACTORS:  False
[INFO] [1784178932.058248, 0.000000]: SLAM node is initialized
[INFO] [1784178932.059767, 0.000000]: Start online slam...
[INFO] [1784180326.440394, 1392.340129]: Trajectory saved to /home/nathanrasami/Documents/Polytech/Stage4A/SLAM/sonar-SLAM/results/run_holoocean_2026-07-16_131530/trajectory.csv
[INFO] [1784180333.822149, 1392.340129]: Point cloud saved to /home/nathanrasami/Documents/Polytech/Stage4A/SLAM/sonar-SLAM/results/run_holoocean_2026-07-16_131530/pointcloud.csv
[INFO] [1784180333.823993, 1392.340129]: Sonar Context log saved to /home/nathanrasami/Documents/Polytech/Stage4A/SLAM/sonar-SLAM/results/run_holoocean_2026-07-16_131530/loops_detected.csv
[INFO] [1784180333.826136, 1392.340129]: NSSM funnel log saved to /home/nathanrasami/Documents/Polytech/Stage4A/SLAM/sonar-SLAM/results/run_holoocean_2026-07-16_131530/nssm_attempts.csv
[INFO] [1784180333.928271, 1392.340129]: Ground truth saved to /home/nathanrasami/Documents/Polytech/Stage4A/SLAM/sonar-SLAM/results/run_holoocean_2026-07-16_131530/groundtruth.csv
[INFO] [1784180333.992523, 1392.340129]: Odometry saved to /home/nathanrasami/Documents/Polytech/Stage4A/SLAM/sonar-SLAM/results/run_holoocean_2026-07-16_131530/odometry.csv
... logging to /home/nathanrasami/.ros/log/5d181180-80d5-11f1-b4c3-efcc950885fe/roslaunch-Natrasami-245247.log
Checking log directory for disk usage. This may take a while.
Press Ctrl-C to interrupt
Done checking log file disk usage. Usage is <1GB.
]2;/home/nathanrasami/Documents/Polytech/Stage4A/SLAM/sonar-SLAM/bruce_slam/launch/holoocean.launch
[1mstarted roslaunch server http://localhost:42865/[0m

SUMMARY
========

PARAMETERS
 * /bruce/slam/feature_extraction/CFAR/Ngc: 4
 * /bruce/slam/feature_extraction/CFAR/Ntc: 20
 * /bruce/slam/feature_extraction/CFAR/Pfa: 0.1
 * /bruce/slam/feature_extraction/CFAR/alg: SOCA
 * /bruce/slam/feature_extraction/CFAR/rank: 10
 * /bruce/slam/feature_extraction/cartesian_mode: False
 * /bruce/slam/feature_extraction/compressed_images: False
 * /bruce/slam/feature_extraction/filter/min_points: 5
 * /bruce/slam/feature_extraction/filter/radius: 1.0
 * /bruce/slam/feature_extraction/filter/resolution: 0.5
 * /bruce/slam/feature_extraction/filter/skip: 1
 * /bruce/slam/feature_extraction/filter/threshold: 30
 * /bruce/slam/feature_extraction/sonar_context/enable: True
 * /bruce/slam/feature_extraction/sonar_context/intensity_threshold: 5
 * /bruce/slam/feature_extraction/sonar_context/num_azimuth: 40
 * /bruce/slam/feature_extraction/sonar_context/num_range: 40
 * /bruce/slam/feature_extraction/visualization/color: [0, 165, 255]
 * /bruce/slam/feature_extraction/visualization/coordinates: polar
 * /bruce/slam/feature_extraction/visualization/radius: 2
 * /bruce/slam/slam/enable_slam: True
 * /bruce/slam/slam/icp_config: /home/nathanrasam...
 * /bruce/slam/slam/icp_odom_sigmas: [0.1, 0.1, 0.01]
 * /bruce/slam/slam/keyframe_duration: 1.0
 * /bruce/slam/slam/keyframe_rotation: 0.2617993877991494
 * /bruce/slam/slam/keyframe_translation: 0.5
 * /bruce/slam/slam/min_pcm: 4
 * /bruce/slam/slam/nssm/cov_samples: 30
 * /bruce/slam/slam/nssm/enable: True
 * /bruce/slam/slam/nssm/max_rotation: 1.0471975511965976
 * /bruce/slam/slam/nssm/max_translation: 10.0
 * /bruce/slam/slam/nssm/min_points: 50
 * /bruce/slam/slam/nssm/min_st_sep: 25
 * /bruce/slam/slam/nssm/source_frames: 5
 * /bruce/slam/slam/odom_sigmas: [0.1, 0.1, 0.01]
 * /bruce/slam/slam/pcm_queue_size: 5
 * /bruce/slam/slam/point_resolution: 0.3
 * /bruce/slam/slam/prior_sigmas: [0.1, 0.1, 0.01]
 * /bruce/slam/slam/pz_detection_rate: 0.3
 * /bruce/slam/slam/pz_samples: 0
 * /bruce/slam/slam/save_data: True
 * /bruce/slam/slam/save_fig: False
 * /bruce/slam/slam/sonar_context/dist_threshold: 0.2
 * /bruce/slam/slam/sonar_context/dz_gate: 0.0
 * /bruce/slam/slam/sonar_context/enable: True
 * /bruce/slam/slam/sonar_context/gate_distance: 10.0
 * /bruce/slam/slam/sonar_context/knn: 5
 * /bruce/slam/slam/sonar_context/max_azimuth_shift: 10
 * /bruce/slam/slam/sonar_context/max_range_shift: 5
 * /bruce/slam/slam/sonar_context/union: False
 * /bruce/slam/slam/ssm/enable: False
 * /bruce/slam/slam/ssm/max_rotation: 0.5235987755982988
 * /bruce/slam/slam/ssm/max_translation: 3.0
 * /bruce/slam/slam/ssm/min_points: 50
 * /bruce/slam/slam/ssm/target_frames: 3
 * /bruce/slam/slam/usbl/enable: False
 * /bruce/slam/sonar_bridge/range_m: 40
 * /rosdistro: noetic
 * /rosversion: 1.17.4
 * /use_sim_time: True

NODES
  /
    rosbag_play (rosbag/play)
    rviz (rviz/rviz)
  /bruce/slam/
    dvl_imu_odom (bruce_slam/dvl_imu_odom.py)
    feature_extraction (bruce_slam/feature_extraction_node.py)
    gt_odom_to_pose (bruce_slam/gt_odom_to_pose.py)
    odom_bridge (bruce_slam/odom_bridge_node.py)
    slam (bruce_slam/slam_node.py)
    sonar_bridge (bruce_slam/holoocean_sonar_bridge.py)

auto-starting new master
[1mprocess[master]: started with pid [245270][0m
[1mROS_MASTER_URI=http://localhost:11311[0m
]2;/home/nathanrasami/Documents/Polytech/Stage4A/SLAM/sonar-SLAM/bruce_slam/launch/holoocean.launch http://localhost:11311
[1msetting /run_id to 5d181180-80d5-11f1-b4c3-efcc950885fe[0m
[1mprocess[rosout-1]: started with pid [245295][0m
started core service [/rosout]
[1mprocess[rosbag_play-2]: started with pid [245302][0m
[1mprocess[bruce/slam/gt_odom_to_pose-3]: started with pid [245303][0m
[1mprocess[bruce/slam/dvl_imu_odom-4]: started with pid [245308][0m
[1mprocess[bruce/slam/odom_bridge-5]: started with pid [245310][0m
[1mprocess[bruce/slam/sonar_bridge-6]: started with pid [245311][0m
[1mprocess[bruce/slam/feature_extraction-7]: started with pid [245312][0m
[1mprocess[bruce/slam/slam-8]: started with pid [245313][0m
[1mprocess[rviz-9]: started with pid [245329][0m
[rviz-9] killing on exit
[bruce/slam/slam-8] killing on exit
[bruce/slam/feature_extraction-7] killing on exit
[bruce/slam/sonar_bridge-6] killing on exit
[bruce/slam/odom_bridge-5] killing on exit
[bruce/slam/dvl_imu_odom-4] killing on exit
[bruce/slam/gt_odom_to_pose-3] killing on exit
[rosbag_play-2] killing on exit
[rosout-1] killing on exit
[master] killing on exit
shutting down processing monitor...
... shutting down processing monitor complete
[1mdone[0m
[31m================================================================================REQUIRED process [rosbag_play-2] has died!
process has finished cleanly
log file: /home/nathanrasami/.ros/log/5d181180-80d5-11f1-b4c3-efcc950885fe/rosbag_play-2*.log
Initiating shutdown!
================================================================================[0m
[31m[rviz-9] escalating to SIGTERM[0m
[run_slam] Terminé. Analyse : ./analyse.sh run_holoocean_2026-07-16_131530
[analyse] /home/nathanrasami/Documents/Polytech/Stage4A/SLAM/sonar-SLAM/results/run_holoocean_2026-07-16_131530
— holoocean_report.py
run_holoocean_2026-07-16_131530 : ATE Umeyama 3.67 m (origine 17.19) | DR 0.22 (0.66)
-> /home/nathanrasami/Documents/Polytech/Stage4A/SLAM/sonar-SLAM/results/run_holoocean_2026-07-16_131530/carte_finale.png
-> /home/nathanrasami/Documents/Polytech/Stage4A/SLAM/sonar-SLAM/results/run_holoocean_2026-07-16_131530/error_over_time.png
-> /home/nathanrasami/Documents/Polytech/Stage4A/SLAM/sonar-SLAM/results/run_holoocean_2026-07-16_131530/pointcloud_map.png
-> /home/nathanrasami/Documents/Polytech/Stage4A/SLAM/sonar-SLAM/results/run_holoocean_2026-07-16_131530/pointcloud_filtered.png
-> /home/nathanrasami/Documents/Polytech/Stage4A/SLAM/sonar-SLAM/results/run_holoocean_2026-07-16_131530/trajectory_plot.png
-> /home/nathanrasami/Documents/Polytech/Stage4A/SLAM/sonar-SLAM/results/run_holoocean_2026-07-16_131530/trajectory_plot_origine.png
-> /home/nathanrasami/Documents/Polytech/Stage4A/SLAM/sonar-SLAM/results/run_holoocean_2026-07-16_131530/trajectory_comparison.png
— paper_eval.py
/home/nathanrasami/Documents/Polytech/Stage4A/SLAM/sonar-SLAM/analysis/paper_eval.py:296: UserWarning: Creating legend with loc="best" can be slow with large amounts of data.
  fig.tight_layout(); fig.savefig(os.path.join(out, f"{label}_cloud_vs_gt.png"), dpi=150)
/home/nathanrasami/Documents/Polytech/Stage4A/SLAM/sonar-SLAM/analysis/paper_eval.py:309: UserWarning: Creating legend with loc="best" can be slow with large amounts of data.
  fig.tight_layout(); fig.savefig(os.path.join(out, f"{label}_traj_on_cloud.png"), dpi=150)

===== run_holoocean_2026-07-16_131530 — run_holoocean_2026-07-16_131530 (KF=670, det(R)=+1)
ATE  : Umeyama SE(2) 3.67 m | premiere-pose 17.19 m | sim(2) echelle 3.66 m (s=0.9891)
Odom : Umeyama 0.22 m | premiere-pose 0.66 m | RE 0.34 % / 0.001 deg/m
RE   : translation 11.55 % | rotation 0.015 deg/m (segments 10 %)
S1   : ATE fp 15.31 m | ATE um 5.23 m | RE 28.07 % / 0.104 deg/m
S2   : ATE fp 0.41 m | ATE um 0.08 m | RE 11.57 % / 0.002 deg/m
S3   : ATE fp 0.15 m | ATE um 0.09 m | RE 11.39 % / 0.001 deg/m
Cap  : med 0.6 deg RMS 1.9 deg (s=+1, beta=-7.0 deg)
Cloud: NN auto 0.511 m | vs cloud-GT med 0.04 m p90 0.08 m (1790838 pts)
— carte_3d.py (conteneur)
/sonar_points : std(z) méd 0.00/p90 0.00 | std(x) 10.04 std(y) 12.57 m (auv0, repère véhicule) → pseudo-3D (tranches), EXCLU
/sonar_vert_points : std(z) méd 6.38/p90 6.42 | std(x) 4.95 std(y) 0.00 m (auv0, repère véhicule) → fan VERTICAL avant, le « + » (1 paroi/faisceau)
→ carte STRUCTURELLE (fan VERTICAL avant, le « + » (1 paroi/faisceau)) depuis ['/sonar_vert_points'] ; autres sources exclues.
filtre anti-résidus [SLAM] : -53606 surface, -0 fantômes hors-plan → 622,327 pts
filtre anti-résidus [GT] : -53469 surface, -0 fantômes hors-plan → 621,959 pts
carte : 622,327 pts bruts → 448,961 pts (structurel — fan vertical avant (« + »), 1 paroi/faisceau (voxel 0.2 m))
carte GT-free vs carte GT (Umeyama) : NN méd 0.293 m | p90 0.931 m
comblage sonar horizontal : 60,000 pts (bateau + tablier hors portée du profiler)
-> /home/nathanrasami/Documents/Polytech/Stage4A/SLAM/sonar-SLAM/results/run_holoocean_2026-07-16_131530/carte_3d.html
-> /home/nathanrasami/Documents/Polytech/Stage4A/SLAM/sonar-SLAM/results/run_holoocean_2026-07-16_131530/carte_3d.png/.npy
— bilan_run.py
run_holoocean_2026-07-16_131530 : KF=670 ATE=3.67 m | cap méd=0.6° RMS=1.9° (s=+1, β=-7°) | cloud 1790838 pts NN=0.511
-> /home/nathanrasami/Documents/Polytech/Stage4A/SLAM/sonar-SLAM/results/run_holoocean_2026-07-16_131530/bilan_run.png
[analyse] terminé — fichiers dans /home/nathanrasami/Documents/Polytech/Stage4A/SLAM/sonar-SLAM/results/run_holoocean_2026-07-16_131530
