[run_slam] Résultats dans : /home/nathanrasami/Documents/Polytech/Stage4A/SLAM/sonar-SLAM/results/run_holoocean_2026-07-16_114911
Warning: Ignoring XDG_SESSION_TYPE=wayland on Gnome. Use QT_QPA_PLATFORM=wayland to run on Wayland anyway.
[0m[INFO] [1784173752.733877867]: Opening /home/nathanrasami/Documents/Polytech/Stage4A/SLAM/sonar-SLAM/BAG_files/holoocean_3d_traj9_noise.bag[0m
Waiting 0.2 seconds after advertising topics... done.

Hit space to toggle paused, or 's' to step.

** (rviz:108222): WARNING **: 11:49:38.565: atk-bridge: get_device_events_reply: unknown signature

Done.
[INFO] [1784173753.934880, 0.000000]: Start online sonar feature extraction...
[INFO] [1784173753.150238, 0.000000]: [gt_odom_to_pose] /ground_truth (Odometry) -> /pose_gt (PoseStamped)
[INFO] [1784173753.189744, 0.000000]: [dvl_imu_odom] /dvl + /imu -> /direct_sonar/pose (intégration planaire)
[INFO] [1784173753.186708, 0.000000]: [sonar_bridge] ready — /sonar → /sonar_oculus_node/ping
[INFO] [1784173757.513476, 1.152609]: [sonar_bridge] 1024 ranges × 512 beams, res=0.0195 m/bin, FOV=120.0°
SLAM STATUS:  True
SSM:  False
NSSM:  True
SONAR CONTEXT:  False
USBL FACTORS:  False
[INFO] [1784173754.312673, 0.000000]: SLAM node is initialized
[INFO] [1784173754.315141, 0.000000]: Start online slam...
[INFO] [1784175120.715791, 1363.798879]: Trajectory saved to /home/nathanrasami/Documents/Polytech/Stage4A/SLAM/sonar-SLAM/results/run_holoocean_2026-07-16_114911/trajectory.csv
[INFO] [1784175129.274050, 1363.798879]: Point cloud saved to /home/nathanrasami/Documents/Polytech/Stage4A/SLAM/sonar-SLAM/results/run_holoocean_2026-07-16_114911/pointcloud.csv
[INFO] [1784175129.276684, 1363.798879]: NSSM funnel log saved to /home/nathanrasami/Documents/Polytech/Stage4A/SLAM/sonar-SLAM/results/run_holoocean_2026-07-16_114911/nssm_attempts.csv
[INFO] [1784175129.373816, 1363.798879]: Ground truth saved to /home/nathanrasami/Documents/Polytech/Stage4A/SLAM/sonar-SLAM/results/run_holoocean_2026-07-16_114911/groundtruth.csv
[INFO] [1784175129.444737, 1363.798879]: Odometry saved to /home/nathanrasami/Documents/Polytech/Stage4A/SLAM/sonar-SLAM/results/run_holoocean_2026-07-16_114911/odometry.csv
... logging to /home/nathanrasami/.ros/log/4ea8b598-80c9-11f1-879c-de9b22ff9839/roslaunch-Natrasami-108154.log
Checking log directory for disk usage. This may take a while.
Press Ctrl-C to interrupt
Done checking log file disk usage. Usage is <1GB.
]2;/home/nathanrasami/Documents/Polytech/Stage4A/SLAM/sonar-SLAM/bruce_slam/launch/holoocean.launch
[1mstarted roslaunch server http://localhost:34759/[0m

SUMMARY
========

PARAMETERS
 * /bruce/slam/feature_extraction/CFAR/Ngc: 4
 * /bruce/slam/feature_extraction/CFAR/Ntc: 20
 * /bruce/slam/feature_extraction/CFAR/Pfa: 0.1
 * /bruce/slam/feature_extraction/CFAR/alg: SOCA
 * /bruce/slam/feature_extraction/CFAR/rank: 10
 * /bruce/slam/feature_extraction/cartesian_mode: False
 * /bruce/slam/feature_extraction/compressed_images: False
 * /bruce/slam/feature_extraction/filter/min_points: 5
 * /bruce/slam/feature_extraction/filter/radius: 1.0
 * /bruce/slam/feature_extraction/filter/resolution: 0.5
 * /bruce/slam/feature_extraction/filter/skip: 1
 * /bruce/slam/feature_extraction/filter/threshold: 30
 * /bruce/slam/feature_extraction/sonar_context/enable: False
 * /bruce/slam/feature_extraction/sonar_context/intensity_threshold: 5
 * /bruce/slam/feature_extraction/sonar_context/num_azimuth: 40
 * /bruce/slam/feature_extraction/sonar_context/num_range: 40
 * /bruce/slam/feature_extraction/visualization/color: [0, 165, 255]
 * /bruce/slam/feature_extraction/visualization/coordinates: polar
 * /bruce/slam/feature_extraction/visualization/radius: 2
 * /bruce/slam/slam/enable_slam: True
 * /bruce/slam/slam/icp_config: /home/nathanrasam...
 * /bruce/slam/slam/icp_odom_sigmas: [0.1, 0.1, 0.01]
 * /bruce/slam/slam/keyframe_duration: 1.0
 * /bruce/slam/slam/keyframe_rotation: 0.2617993877991494
 * /bruce/slam/slam/keyframe_translation: 0.5
 * /bruce/slam/slam/min_pcm: 4
 * /bruce/slam/slam/nssm/cov_samples: 30
 * /bruce/slam/slam/nssm/enable: True
 * /bruce/slam/slam/nssm/max_rotation: 1.0471975511965976
 * /bruce/slam/slam/nssm/max_translation: 10.0
 * /bruce/slam/slam/nssm/min_points: 50
 * /bruce/slam/slam/nssm/min_st_sep: 25
 * /bruce/slam/slam/nssm/source_frames: 5
 * /bruce/slam/slam/odom_sigmas: [0.1, 0.1, 0.01]
 * /bruce/slam/slam/pcm_queue_size: 5
 * /bruce/slam/slam/point_resolution: 0.3
 * /bruce/slam/slam/prior_sigmas: [0.1, 0.1, 0.01]
 * /bruce/slam/slam/pz_detection_rate: 0.3
 * /bruce/slam/slam/pz_samples: 0
 * /bruce/slam/slam/save_data: True
 * /bruce/slam/slam/save_fig: False
 * /bruce/slam/slam/sonar_context/dist_threshold: 0.2
 * /bruce/slam/slam/sonar_context/dz_gate: 0.0
 * /bruce/slam/slam/sonar_context/enable: False
 * /bruce/slam/slam/sonar_context/gate_distance: 10.0
 * /bruce/slam/slam/sonar_context/knn: 5
 * /bruce/slam/slam/sonar_context/max_azimuth_shift: 10
 * /bruce/slam/slam/sonar_context/max_range_shift: 5
 * /bruce/slam/slam/sonar_context/union: False
 * /bruce/slam/slam/ssm/enable: False
 * /bruce/slam/slam/ssm/max_rotation: 0.5235987755982988
 * /bruce/slam/slam/ssm/max_translation: 3.0
 * /bruce/slam/slam/ssm/min_points: 50
 * /bruce/slam/slam/ssm/target_frames: 3
 * /bruce/slam/slam/usbl/enable: False
 * /bruce/slam/sonar_bridge/range_m: 20
 * /rosdistro: noetic
 * /rosversion: 1.17.4
 * /use_sim_time: True

NODES
  /
    rosbag_play (rosbag/play)
    rviz (rviz/rviz)
  /bruce/slam/
    dvl_imu_odom (bruce_slam/dvl_imu_odom.py)
    feature_extraction (bruce_slam/feature_extraction_node.py)
    gt_odom_to_pose (bruce_slam/gt_odom_to_pose.py)
    odom_bridge (bruce_slam/odom_bridge_node.py)
    slam (bruce_slam/slam_node.py)
    sonar_bridge (bruce_slam/holoocean_sonar_bridge.py)

auto-starting new master
[1mprocess[master]: started with pid [108177][0m
[1mROS_MASTER_URI=http://localhost:11311[0m
]2;/home/nathanrasami/Documents/Polytech/Stage4A/SLAM/sonar-SLAM/bruce_slam/launch/holoocean.launch http://localhost:11311
[1msetting /run_id to 4ea8b598-80c9-11f1-879c-de9b22ff9839[0m
[1mprocess[rosout-1]: started with pid [108203][0m
started core service [/rosout]
[1mprocess[rosbag_play-2]: started with pid [108210][0m
[1mprocess[bruce/slam/gt_odom_to_pose-3]: started with pid [108211][0m
[1mprocess[bruce/slam/dvl_imu_odom-4]: started with pid [108213][0m
[1mprocess[bruce/slam/odom_bridge-5]: started with pid [108218][0m
[1mprocess[bruce/slam/sonar_bridge-6]: started with pid [108219][0m
[1mprocess[bruce/slam/feature_extraction-7]: started with pid [108220][0m
[1mprocess[bruce/slam/slam-8]: started with pid [108221][0m
[1mprocess[rviz-9]: started with pid [108222][0m
[rviz-9] killing on exit
[bruce/slam/slam-8] killing on exit
[bruce/slam/feature_extraction-7] killing on exit
[bruce/slam/sonar_bridge-6] killing on exit
[bruce/slam/odom_bridge-5] killing on exit
[bruce/slam/dvl_imu_odom-4] killing on exit
[bruce/slam/gt_odom_to_pose-3] killing on exit
[rosbag_play-2] killing on exit
[rosout-1] killing on exit
[master] killing on exit
shutting down processing monitor...
... shutting down processing monitor complete
[1mdone[0m
[31m================================================================================REQUIRED process [rosbag_play-2] has died!
process has finished cleanly
log file: /home/nathanrasami/.ros/log/4ea8b598-80c9-11f1-879c-de9b22ff9839/rosbag_play-2*.log
Initiating shutdown!
================================================================================[0m
[run_slam] Terminé. Analyse : ./analyse.sh run_holoocean_2026-07-16_114911
[analyse] /home/nathanrasami/Documents/Polytech/Stage4A/SLAM/sonar-SLAM/results/run_holoocean_2026-07-16_114911
— holoocean_report.py
run_holoocean_2026-07-16_114911 : ATE Umeyama 37.42 m (origine 65.58) | DR 2.19 (2.55)
-> /home/nathanrasami/Documents/Polytech/Stage4A/SLAM/sonar-SLAM/results/run_holoocean_2026-07-16_114911/carte_finale.png
-> /home/nathanrasami/Documents/Polytech/Stage4A/SLAM/sonar-SLAM/results/run_holoocean_2026-07-16_114911/error_over_time.png
-> /home/nathanrasami/Documents/Polytech/Stage4A/SLAM/sonar-SLAM/results/run_holoocean_2026-07-16_114911/pointcloud_map.png
-> /home/nathanrasami/Documents/Polytech/Stage4A/SLAM/sonar-SLAM/results/run_holoocean_2026-07-16_114911/pointcloud_filtered.png
-> /home/nathanrasami/Documents/Polytech/Stage4A/SLAM/sonar-SLAM/results/run_holoocean_2026-07-16_114911/trajectory_plot.png
-> /home/nathanrasami/Documents/Polytech/Stage4A/SLAM/sonar-SLAM/results/run_holoocean_2026-07-16_114911/trajectory_plot_origine.png
-> /home/nathanrasami/Documents/Polytech/Stage4A/SLAM/sonar-SLAM/results/run_holoocean_2026-07-16_114911/trajectory_comparison.png
— paper_eval.py
/home/nathanrasami/Documents/Polytech/Stage4A/SLAM/sonar-SLAM/analysis/paper_eval.py:296: UserWarning: Creating legend with loc="best" can be slow with large amounts of data.
  fig.tight_layout(); fig.savefig(os.path.join(out, f"{label}_cloud_vs_gt.png"), dpi=150)
/home/nathanrasami/Documents/Polytech/Stage4A/SLAM/sonar-SLAM/analysis/paper_eval.py:309: UserWarning: Creating legend with loc="best" can be slow with large amounts of data.
  fig.tight_layout(); fig.savefig(os.path.join(out, f"{label}_traj_on_cloud.png"), dpi=150)

===== run_holoocean_2026-07-16_114911 — run_holoocean_2026-07-16_114911 (KF=623, det(R)=+1)
ATE  : Umeyama SE(2) 37.42 m | premiere-pose 65.58 m | sim(2) echelle 36.22 m (s=1.2325)
Odom : Umeyama 2.19 m | premiere-pose 2.55 m | RE 11.49 % / 0.051 deg/m
RE   : translation 45.94 % | rotation 0.310 deg/m (segments 10 %)
S1   : ATE fp 20.23 m | ATE um 15.44 m | RE 40.15 % / 0.285 deg/m
S2   : ATE fp 39.75 m | ATE um 18.05 m | RE 44.63 % / 0.499 deg/m
S3   : ATE fp 34.94 m | ATE um 21.11 m | RE 53.31 % / 0.420 deg/m
Cap  : med 10.2 deg RMS 16.6 deg (s=+1, beta=-1.6 deg)
Cloud: NN auto 0.350 m | vs cloud-GT med 0.55 m p90 9.78 m (1620837 pts)
— carte_3d.py (conteneur)
/profiler_points : std(z) méd 8.28/p90 8.31 | std(x) 0.00 std(y) 8.30 m (auv0, repère véhicule) → profiler transverse (méthode grottes)
/sonar_points : std(z) méd 0.00/p90 0.00 | std(x) 4.94 std(y) 6.41 m (auv0, repère véhicule) → pseudo-3D (tranches), EXCLU
/sonar_vert_points : std(z) méd 6.38/p90 6.43 | std(x) 4.93 std(y) 0.00 m (auv0, repère véhicule) → fan VERTICAL avant, le « + » (1 paroi/faisceau)
→ carte STRUCTURELLE (fan VERTICAL avant, le « + » (1 paroi/faisceau) + profiler transverse (méthode grottes)) depuis ['/profiler_points', '/sonar_vert_points'] ; autres sources exclues.
filtre anti-résidus [SLAM] : -78433 surface, -1484 fantômes hors-plan → 1,374,815 pts
filtre anti-résidus [GT] : -44757 surface, -397631 fantômes hors-plan → 345,296 pts
filtre anti-résidus [GT] : -33408 surface, -398562 fantômes hors-plan → 234,797 pts
carte : 1,374,815 pts bruts → 924,343 pts (structurel — FUSION fan vertical avant + profiler transverse 360° (1 paroi/faisceau, voxel 0.2 m))
carte GT-free vs carte GT (Umeyama) : NN méd 5.236 m | p90 14.180 m
comblage sonar horizontal : 7,217 pts (bateau + tablier hors portée du profiler)
-> /home/nathanrasami/Documents/Polytech/Stage4A/SLAM/sonar-SLAM/results/run_holoocean_2026-07-16_114911/carte_3d.html
-> /home/nathanrasami/Documents/Polytech/Stage4A/SLAM/sonar-SLAM/results/run_holoocean_2026-07-16_114911/carte_3d.png/.npy
— bilan_run.py
run_holoocean_2026-07-16_114911 : KF=623 ATE=37.42 m | cap méd=10.2° RMS=16.6° (s=+1, β=-2°) | cloud 1620837 pts NN=0.350
-> /home/nathanrasami/Documents/Polytech/Stage4A/SLAM/sonar-SLAM/results/run_holoocean_2026-07-16_114911/bilan_run.png
[analyse] terminé — fichiers dans /home/nathanrasami/Documents/Polytech/Stage4A/SLAM/sonar-SLAM/results/run_holoocean_2026-07-16_114911
