Starting container...                   	[32m [ OK ]
[0mInstalling basic packages...            	[32m [ OK ]
[0mSetting up devpts mounts...             	[32m [ OK ]
[0mSetting up read-only mounts...          	[32m [ OK ]
[0mSetting up read-write mounts...         	[32m [ OK ]
[0mSetting up host's sockets integration...	[32m [ OK ]
[0mIntegrating host's themes, icons, fonts...	[32m [ OK ]
[0mSetting up distrobox profile...         	[32m [ OK ]
[0mSetting up sudo...                      	[32m [ OK ]
[0mSetting up user's group list...         	[32m [ OK ]
[0m
Container Setup Complete!
[run_slam] Résultats dans : /home/nathanrasami/Documents/Polytech/Stage4A/SLAM/sonar-SLAM/results/run_holoocean_2026-03-13_091344
Warning: Ignoring XDG_SESSION_TYPE=wayland on Gnome. Use QT_QPA_PLATFORM=wayland to run on Wayland anyway.
[0m[INFO] [1773364425.444380763]: Opening /home/nathanrasami/Documents/Polytech/Stage4A/SLAM/sonar-SLAM/BAG_files/holoocean_3d_traj9.bag[0m
Waiting 0.2 seconds after advertising topics... done.

Hit space to toggle paused, or 's' to step.

** (rviz:15712): WARNING **: 09:14:11.392: atk-bridge: get_device_events_reply: unknown signature
/home/nathanrasami/.local/lib/python3.8/site-packages/sklearn/covariance/_robust_covariance.py:186: RuntimeWarning: Determinant has increased; this should not happen: log(det) > log(previous_det) (-68.421861853503472 > -68.518893828329169). You may want to try with a higher value of support_fraction (current value: 0.800).
  warnings.warn(
/home/nathanrasami/.local/lib/python3.8/site-packages/sklearn/covariance/_robust_covariance.py:186: RuntimeWarning: Determinant has increased; this should not happen: log(det) > log(previous_det) (-68.421861853503472 > -68.518893828329169). You may want to try with a higher value of support_fraction (current value: 0.800).
  warnings.warn(
/home/nathanrasami/.local/lib/python3.8/site-packages/sklearn/covariance/_robust_covariance.py:186: RuntimeWarning: Determinant has increased; this should not happen: log(det) > log(previous_det) (-68.421861853503472 > -68.518893828329169). You may want to try with a higher value of support_fraction (current value: 0.800).
  warnings.warn(
/home/nathanrasami/.local/lib/python3.8/site-packages/sklearn/covariance/_robust_covariance.py:186: RuntimeWarning: Determinant has increased; this should not happen: log(det) > log(previous_det) (-68.421861853503472 > -68.518893828329169). You may want to try with a higher value of support_fraction (current value: 0.800).
  warnings.warn(
/home/nathanrasami/.local/lib/python3.8/site-packages/sklearn/covariance/_robust_covariance.py:186: RuntimeWarning: Determinant has increased; this should not happen: log(det) > log(previous_det) (-68.421861853503472 > -68.518893828329169). You may want to try with a higher value of support_fraction (current value: 0.800).
  warnings.warn(
/home/nathanrasami/.local/lib/python3.8/site-packages/sklearn/covariance/_robust_covariance.py:186: RuntimeWarning: Determinant has increased; this should not happen: log(det) > log(previous_det) (-68.421861853503472 > -68.518893828329169). You may want to try with a higher value of support_fraction (current value: 0.800).
  warnings.warn(
/home/nathanrasami/.local/lib/python3.8/site-packages/sklearn/covariance/_robust_covariance.py:186: RuntimeWarning: Determinant has increased; this should not happen: log(det) > log(previous_det) (-68.421861853503472 > -68.518893828329169). You may want to try with a higher value of support_fraction (current value: 0.800).
  warnings.warn(
/home/nathanrasami/.local/lib/python3.8/site-packages/sklearn/covariance/_robust_covariance.py:186: RuntimeWarning: Determinant has increased; this should not happen: log(det) > log(previous_det) (-68.421861853503472 > -68.518893828329169). You may want to try with a higher value of support_fraction (current value: 0.800).
  warnings.warn(
/home/nathanrasami/.local/lib/python3.8/site-packages/sklearn/covariance/_robust_covariance.py:186: RuntimeWarning: Determinant has increased; this should not happen: log(det) > log(previous_det) (-68.421861853503472 > -68.518893828329169). You may want to try with a higher value of support_fraction (current value: 0.800).
  warnings.warn(
/home/nathanrasami/.local/lib/python3.8/site-packages/sklearn/covariance/_robust_covariance.py:186: RuntimeWarning: Determinant has increased; this should not happen: log(det) > log(previous_det) (-68.421861853503472 > -68.518893828329169). You may want to try with a higher value of support_fraction (current value: 0.800).
  warnings.warn(
/home/nathanrasami/.local/lib/python3.8/site-packages/sklearn/covariance/_robust_covariance.py:186: RuntimeWarning: Determinant has increased; this should not happen: log(det) > log(previous_det) (-56.653928344081663 > -56.717652849605876). You may want to try with a higher value of support_fraction (current value: 0.800).
  warnings.warn(
/home/nathanrasami/.local/lib/python3.8/site-packages/sklearn/covariance/_robust_covariance.py:186: RuntimeWarning: Determinant has increased; this should not happen: log(det) > log(previous_det) (-89.016777603508913 > -89.019705443026552). You may want to try with a higher value of support_fraction (current value: 0.800).
  warnings.warn(
/home/nathanrasami/.local/lib/python3.8/site-packages/sklearn/covariance/_robust_covariance.py:186: RuntimeWarning: Determinant has increased; this should not happen: log(det) > log(previous_det) (-88.941218956625505 > -88.942333061300928). You may want to try with a higher value of support_fraction (current value: 0.800).
  warnings.warn(
/home/nathanrasami/.local/lib/python3.8/site-packages/sklearn/covariance/_robust_covariance.py:186: RuntimeWarning: Determinant has increased; this should not happen: log(det) > log(previous_det) (-88.941218956625505 > -88.942333061300928). You may want to try with a higher value of support_fraction (current value: 0.800).
  warnings.warn(
/home/nathanrasami/.local/lib/python3.8/site-packages/sklearn/covariance/_robust_covariance.py:186: RuntimeWarning: Determinant has increased; this should not happen: log(det) > log(previous_det) (-87.291144763636197 > -87.380752578324689). You may want to try with a higher value of support_fraction (current value: 0.800).
  warnings.warn(
/home/nathanrasami/.local/lib/python3.8/site-packages/sklearn/covariance/_robust_covariance.py:186: RuntimeWarning: Determinant has increased; this should not happen: log(det) > log(previous_det) (-87.291144763636197 > -87.380752578324689). You may want to try with a higher value of support_fraction (current value: 0.800).
  warnings.warn(
/home/nathanrasami/.local/lib/python3.8/site-packages/sklearn/covariance/_robust_covariance.py:186: RuntimeWarning: Determinant has increased; this should not happen: log(det) > log(previous_det) (-87.329876512922397 > -87.475768259169868). You may want to try with a higher value of support_fraction (current value: 0.800).
  warnings.warn(
/home/nathanrasami/.local/lib/python3.8/site-packages/sklearn/covariance/_robust_covariance.py:186: RuntimeWarning: Determinant has increased; this should not happen: log(det) > log(previous_det) (-86.932087976392154 > -87.291144763636197). You may want to try with a higher value of support_fraction (current value: 0.800).
  warnings.warn(
/home/nathanrasami/.local/lib/python3.8/site-packages/sklearn/covariance/_robust_covariance.py:186: RuntimeWarning: Determinant has increased; this should not happen: log(det) > log(previous_det) (-87.329876512922397 > -87.475768259169868). You may want to try with a higher value of support_fraction (current value: 0.800).
  warnings.warn(
/home/nathanrasami/.local/lib/python3.8/site-packages/sklearn/covariance/_robust_covariance.py:186: RuntimeWarning: Determinant has increased; this should not happen: log(det) > log(previous_det) (-87.380752578324689 > -87.443709132579698). You may want to try with a higher value of support_fraction (current value: 0.800).
  warnings.warn(
/home/nathanrasami/.local/lib/python3.8/site-packages/sklearn/covariance/_robust_covariance.py:186: RuntimeWarning: Determinant has increased; this should not happen: log(det) > log(previous_det) (-86.932087976392154 > -87.291144763636197). You may want to try with a higher value of support_fraction (current value: 0.800).
  warnings.warn(
/home/nathanrasami/.local/lib/python3.8/site-packages/sklearn/covariance/_robust_covariance.py:186: RuntimeWarning: Determinant has increased; this should not happen: log(det) > log(previous_det) (-86.932087976392154 > -87.291144763636197). You may want to try with a higher value of support_fraction (current value: 0.800).
  warnings.warn(
/home/nathanrasami/.local/lib/python3.8/site-packages/sklearn/covariance/_robust_covariance.py:186: RuntimeWarning: Determinant has increased; this should not happen: log(det) > log(previous_det) (-87.291144763636197 > -87.380752578324689). You may want to try with a higher value of support_fraction (current value: 0.800).
  warnings.warn(
/home/nathanrasami/.local/lib/python3.8/site-packages/sklearn/covariance/_robust_covariance.py:186: RuntimeWarning: Determinant has increased; this should not happen: log(det) > log(previous_det) (-87.329876512922397 > -87.475768259169868). You may want to try with a higher value of support_fraction (current value: 0.800).
  warnings.warn(
/home/nathanrasami/.local/lib/python3.8/site-packages/sklearn/covariance/_robust_covariance.py:186: RuntimeWarning: Determinant has increased; this should not happen: log(det) > log(previous_det) (-87.057418310719157 > -87.378692536194279). You may want to try with a higher value of support_fraction (current value: 0.800).
  warnings.warn(
/home/nathanrasami/.local/lib/python3.8/site-packages/sklearn/covariance/_robust_covariance.py:186: RuntimeWarning: Determinant has increased; this should not happen: log(det) > log(previous_det) (-87.380752578324689 > -87.443709132579698). You may want to try with a higher value of support_fraction (current value: 0.800).
  warnings.warn(
/home/nathanrasami/.local/lib/python3.8/site-packages/sklearn/covariance/_robust_covariance.py:186: RuntimeWarning: Determinant has increased; this should not happen: log(det) > log(previous_det) (-87.329876512922397 > -87.475768259169868). You may want to try with a higher value of support_fraction (current value: 0.800).
  warnings.warn(
/home/nathanrasami/.local/lib/python3.8/site-packages/sklearn/covariance/_robust_covariance.py:186: RuntimeWarning: Determinant has increased; this should not happen: log(det) > log(previous_det) (-86.932087976392154 > -87.291144763636197). You may want to try with a higher value of support_fraction (current value: 0.800).
  warnings.warn(
/home/nathanrasami/.local/lib/python3.8/site-packages/sklearn/covariance/_robust_covariance.py:186: RuntimeWarning: Determinant has increased; this should not happen: log(det) > log(previous_det) (-87.380752578324689 > -87.443709132579698). You may want to try with a higher value of support_fraction (current value: 0.800).
  warnings.warn(
/home/nathanrasami/.local/lib/python3.8/site-packages/sklearn/covariance/_robust_covariance.py:186: RuntimeWarning: Determinant has increased; this should not happen: log(det) > log(previous_det) (-86.932087976392154 > -87.291144763636197). You may want to try with a higher value of support_fraction (current value: 0.800).
  warnings.warn(
/home/nathanrasami/.local/lib/python3.8/site-packages/sklearn/covariance/_robust_covariance.py:186: RuntimeWarning: Determinant has increased; this should not happen: log(det) > log(previous_det) (-87.243606621379428 > -87.356596078997569). You may want to try with a higher value of support_fraction (current value: 0.800).
  warnings.warn(
/home/nathanrasami/.local/lib/python3.8/site-packages/sklearn/covariance/_robust_covariance.py:186: RuntimeWarning: Determinant has increased; this should not happen: log(det) > log(previous_det) (-87.329876512922397 > -87.475768259169868). You may want to try with a higher value of support_fraction (current value: 0.800).
  warnings.warn(
/home/nathanrasami/.local/lib/python3.8/site-packages/sklearn/covariance/_robust_covariance.py:186: RuntimeWarning: Determinant has increased; this should not happen: log(det) > log(previous_det) (-87.291144763636197 > -87.380752578324689). You may want to try with a higher value of support_fraction (current value: 0.800).
  warnings.warn(
/home/nathanrasami/.local/lib/python3.8/site-packages/sklearn/covariance/_robust_covariance.py:186: RuntimeWarning: Determinant has increased; this should not happen: log(det) > log(previous_det) (-87.329876512922397 > -87.475768259169868). You may want to try with a higher value of support_fraction (current value: 0.800).
  warnings.warn(
/home/nathanrasami/.local/lib/python3.8/site-packages/sklearn/covariance/_robust_covariance.py:186: RuntimeWarning: Determinant has increased; this should not happen: log(det) > log(previous_det) (-87.243606621379428 > -87.356596078997569). You may want to try with a higher value of support_fraction (current value: 0.800).
  warnings.warn(
/home/nathanrasami/.local/lib/python3.8/site-packages/sklearn/covariance/_robust_covariance.py:186: RuntimeWarning: Determinant has increased; this should not happen: log(det) > log(previous_det) (-86.932087976392154 > -87.291144763636197). You may want to try with a higher value of support_fraction (current value: 0.800).
  warnings.warn(
/home/nathanrasami/.local/lib/python3.8/site-packages/sklearn/covariance/_robust_covariance.py:186: RuntimeWarning: Determinant has increased; this should not happen: log(det) > log(previous_det) (-86.932087976392154 > -87.291144763636197). You may want to try with a higher value of support_fraction (current value: 0.800).
  warnings.warn(
/home/nathanrasami/.local/lib/python3.8/site-packages/sklearn/covariance/_robust_covariance.py:186: RuntimeWarning: Determinant has increased; this should not happen: log(det) > log(previous_det) (-86.932087976392154 > -87.291144763636197). You may want to try with a higher value of support_fraction (current value: 0.800).
  warnings.warn(
/home/nathanrasami/.local/lib/python3.8/site-packages/sklearn/covariance/_robust_covariance.py:186: RuntimeWarning: Determinant has increased; this should not happen: log(det) > log(previous_det) (-87.291144763636197 > -87.375502842629942). You may want to try with a higher value of support_fraction (current value: 0.800).
  warnings.warn(
/home/nathanrasami/.local/lib/python3.8/site-packages/sklearn/covariance/_robust_covariance.py:186: RuntimeWarning: Determinant has increased; this should not happen: log(det) > log(previous_det) (-86.932087976392154 > -87.291144763636197). You may want to try with a higher value of support_fraction (current value: 0.800).
  warnings.warn(
/home/nathanrasami/.local/lib/python3.8/site-packages/sklearn/covariance/_robust_covariance.py:186: RuntimeWarning: Determinant has increased; this should not happen: log(det) > log(previous_det) (-86.932087976392154 > -87.291144763636197). You may want to try with a higher value of support_fraction (current value: 0.800).
  warnings.warn(
/home/nathanrasami/.local/lib/python3.8/site-packages/sklearn/covariance/_robust_covariance.py:186: RuntimeWarning: Determinant has increased; this should not happen: log(det) > log(previous_det) (-86.932087976392154 > -87.291144763636197). You may want to try with a higher value of support_fraction (current value: 0.800).
  warnings.warn(
/home/nathanrasami/.local/lib/python3.8/site-packages/sklearn/covariance/_robust_covariance.py:186: RuntimeWarning: Determinant has increased; this should not happen: log(det) > log(previous_det) (-67.840264309829365 > -67.966080564484713). You may want to try with a higher value of support_fraction (current value: 0.800).
  warnings.warn(
/home/nathanrasami/.local/lib/python3.8/site-packages/sklearn/covariance/_robust_covariance.py:186: RuntimeWarning: Determinant has increased; this should not happen: log(det) > log(previous_det) (-78.910037029082844 > -79.352013229207074). You may want to try with a higher value of support_fraction (current value: 0.800).
  warnings.warn(
/home/nathanrasami/.local/lib/python3.8/site-packages/sklearn/covariance/_robust_covariance.py:186: RuntimeWarning: Determinant has increased; this should not happen: log(det) > log(previous_det) (-78.958309463246849 > -79.243854321335164). You may want to try with a higher value of support_fraction (current value: 0.800).
  warnings.warn(
/home/nathanrasami/.local/lib/python3.8/site-packages/sklearn/covariance/_robust_covariance.py:186: RuntimeWarning: Determinant has increased; this should not happen: log(det) > log(previous_det) (-78.958309463246849 > -79.243854321335164). You may want to try with a higher value of support_fraction (current value: 0.800).
  warnings.warn(
/home/nathanrasami/.local/lib/python3.8/site-packages/sklearn/covariance/_robust_covariance.py:186: RuntimeWarning: Determinant has increased; this should not happen: log(det) > log(previous_det) (-79.188338970880210 > -79.193460644604016). You may want to try with a higher value of support_fraction (current value: 0.800).
  warnings.warn(
/home/nathanrasami/.local/lib/python3.8/site-packages/sklearn/covariance/_robust_covariance.py:186: RuntimeWarning: Determinant has increased; this should not happen: log(det) > log(previous_det) (-79.312833119217117 > -79.411334994620432). You may want to try with a higher value of support_fraction (current value: 0.800).
  warnings.warn(
/home/nathanrasami/.local/lib/python3.8/site-packages/sklearn/covariance/_robust_covariance.py:186: RuntimeWarning: Determinant has increased; this should not happen: log(det) > log(previous_det) (-78.958309463246849 > -79.186177657257616). You may want to try with a higher value of support_fraction (current value: 0.800).
  warnings.warn(
/home/nathanrasami/.local/lib/python3.8/site-packages/sklearn/covariance/_robust_covariance.py:186: RuntimeWarning: Determinant has increased; this should not happen: log(det) > log(previous_det) (-78.958309463246849 > -79.257790345039041). You may want to try with a higher value of support_fraction (current value: 0.800).
  warnings.warn(
/home/nathanrasami/.local/lib/python3.8/site-packages/sklearn/covariance/_robust_covariance.py:186: RuntimeWarning: Determinant has increased; this should not happen: log(det) > log(previous_det) (-64.212140877675211 > -64.248877473882871). You may want to try with a higher value of support_fraction (current value: 0.800).
  warnings.warn(
/home/nathanrasami/.local/lib/python3.8/site-packages/sklearn/covariance/_robust_covariance.py:186: RuntimeWarning: Determinant has increased; this should not happen: log(det) > log(previous_det) (-64.212140877675211 > -64.248877473882871). You may want to try with a higher value of support_fraction (current value: 0.800).
  warnings.warn(
/home/nathanrasami/.local/lib/python3.8/site-packages/sklearn/covariance/_robust_covariance.py:747: UserWarning: The covariance matrix associated to your dataset is not full rank
  warnings.warn(
/home/nathanrasami/.local/lib/python3.8/site-packages/sklearn/covariance/_robust_covariance.py:186: RuntimeWarning: Determinant has increased; this should not happen: log(det) > log(previous_det) (-84.351174057612184 > -84.517095436060742). You may want to try with a higher value of support_fraction (current value: 0.800).
  warnings.warn(
/home/nathanrasami/.local/lib/python3.8/site-packages/sklearn/covariance/_robust_covariance.py:186: RuntimeWarning: Determinant has increased; this should not happen: log(det) > log(previous_det) (-84.351174057612184 > -84.517095436060742). You may want to try with a higher value of support_fraction (current value: 0.800).
  warnings.warn(
/home/nathanrasami/.local/lib/python3.8/site-packages/sklearn/covariance/_robust_covariance.py:186: RuntimeWarning: Determinant has increased; this should not happen: log(det) > log(previous_det) (-84.076450239289599 > -84.797621516608729). You may want to try with a higher value of support_fraction (current value: 0.800).
  warnings.warn(
/home/nathanrasami/.local/lib/python3.8/site-packages/sklearn/covariance/_robust_covariance.py:186: RuntimeWarning: Determinant has increased; this should not happen: log(det) > log(previous_det) (-84.351174057612184 > -84.517095436060742). You may want to try with a higher value of support_fraction (current value: 0.800).
  warnings.warn(
/home/nathanrasami/.local/lib/python3.8/site-packages/sklearn/covariance/_robust_covariance.py:186: RuntimeWarning: Determinant has increased; this should not happen: log(det) > log(previous_det) (-84.351174057612184 > -84.517095436060742). You may want to try with a higher value of support_fraction (current value: 0.800).
  warnings.warn(
/home/nathanrasami/.local/lib/python3.8/site-packages/sklearn/covariance/_robust_covariance.py:186: RuntimeWarning: Determinant has increased; this should not happen: log(det) > log(previous_det) (-84.351174057612184 > -84.517095436060742). You may want to try with a higher value of support_fraction (current value: 0.800).
  warnings.warn(
/home/nathanrasami/.local/lib/python3.8/site-packages/sklearn/covariance/_robust_covariance.py:186: RuntimeWarning: Determinant has increased; this should not happen: log(det) > log(previous_det) (-84.289322892801209 > -84.496363120906807). You may want to try with a higher value of support_fraction (current value: 0.800).
  warnings.warn(
/home/nathanrasami/.local/lib/python3.8/site-packages/sklearn/covariance/_robust_covariance.py:186: RuntimeWarning: Determinant has increased; this should not happen: log(det) > log(previous_det) (-84.351174057612184 > -84.357804252211764). You may want to try with a higher value of support_fraction (current value: 0.800).
  warnings.warn(
/home/nathanrasami/.local/lib/python3.8/site-packages/sklearn/covariance/_robust_covariance.py:186: RuntimeWarning: Determinant has increased; this should not happen: log(det) > log(previous_det) (-84.351174057612184 > -84.357804252211764). You may want to try with a higher value of support_fraction (current value: 0.800).
  warnings.warn(
/home/nathanrasami/.local/lib/python3.8/site-packages/sklearn/covariance/_robust_covariance.py:186: RuntimeWarning: Determinant has increased; this should not happen: log(det) > log(previous_det) (-84.351174057612184 > -84.517095436060742). You may want to try with a higher value of support_fraction (current value: 0.800).
  warnings.warn(
/home/nathanrasami/.local/lib/python3.8/site-packages/sklearn/covariance/_robust_covariance.py:186: RuntimeWarning: Determinant has increased; this should not happen: log(det) > log(previous_det) (-84.351174057612184 > -84.357804252211764). You may want to try with a higher value of support_fraction (current value: 0.800).
  warnings.warn(
/home/nathanrasami/.local/lib/python3.8/site-packages/sklearn/covariance/_robust_covariance.py:186: RuntimeWarning: Determinant has increased; this should not happen: log(det) > log(previous_det) (-84.289322892801209 > -84.496363120906807). You may want to try with a higher value of support_fraction (current value: 0.800).
  warnings.warn(
/home/nathanrasami/.local/lib/python3.8/site-packages/sklearn/covariance/_robust_covariance.py:186: RuntimeWarning: Determinant has increased; this should not happen: log(det) > log(previous_det) (-57.768562577981520 > -57.890403080490778). You may want to try with a higher value of support_fraction (current value: 0.800).
  warnings.warn(
/home/nathanrasami/.local/lib/python3.8/site-packages/sklearn/covariance/_robust_covariance.py:186: RuntimeWarning: Determinant has increased; this should not happen: log(det) > log(previous_det) (-57.768562577981520 > -57.890403080490778). You may want to try with a higher value of support_fraction (current value: 0.800).
  warnings.warn(
/home/nathanrasami/.local/lib/python3.8/site-packages/sklearn/covariance/_robust_covariance.py:186: RuntimeWarning: Determinant has increased; this should not happen: log(det) > log(previous_det) (-57.768562577981520 > -57.890403080490778). You may want to try with a higher value of support_fraction (current value: 0.800).
  warnings.warn(
/home/nathanrasami/.local/lib/python3.8/site-packages/sklearn/covariance/_robust_covariance.py:186: RuntimeWarning: Determinant has increased; this should not happen: log(det) > log(previous_det) (-57.768562577981520 > -57.890403080490778). You may want to try with a higher value of support_fraction (current value: 0.800).
  warnings.warn(
/home/nathanrasami/.local/lib/python3.8/site-packages/sklearn/covariance/_robust_covariance.py:186: RuntimeWarning: Determinant has increased; this should not happen: log(det) > log(previous_det) (-64.745686659940802 > -64.859826559471756). You may want to try with a higher value of support_fraction (current value: 0.786).
  warnings.warn(
/home/nathanrasami/.local/lib/python3.8/site-packages/sklearn/covariance/_robust_covariance.py:186: RuntimeWarning: Determinant has increased; this should not happen: log(det) > log(previous_det) (-64.745686659940802 > -64.746935348142600). You may want to try with a higher value of support_fraction (current value: 0.786).
  warnings.warn(
/home/nathanrasami/.local/lib/python3.8/site-packages/sklearn/covariance/_robust_covariance.py:186: RuntimeWarning: Determinant has increased; this should not happen: log(det) > log(previous_det) (-64.745686659940802 > -64.859826559471756). You may want to try with a higher value of support_fraction (current value: 0.786).
  warnings.warn(
/home/nathanrasami/.local/lib/python3.8/site-packages/sklearn/covariance/_robust_covariance.py:186: RuntimeWarning: Determinant has increased; this should not happen: log(det) > log(previous_det) (-64.745686659940802 > -64.746935348142600). You may want to try with a higher value of support_fraction (current value: 0.786).
  warnings.warn(
/home/nathanrasami/.local/lib/python3.8/site-packages/sklearn/covariance/_robust_covariance.py:186: RuntimeWarning: Determinant has increased; this should not happen: log(det) > log(previous_det) (-64.745686659940802 > -64.746935348142600). You may want to try with a higher value of support_fraction (current value: 0.786).
  warnings.warn(
/home/nathanrasami/.local/lib/python3.8/site-packages/sklearn/covariance/_robust_covariance.py:186: RuntimeWarning: Determinant has increased; this should not happen: log(det) > log(previous_det) (-64.745686659940802 > -64.859826559471756). You may want to try with a higher value of support_fraction (current value: 0.786).
  warnings.warn(
/home/nathanrasami/.local/lib/python3.8/site-packages/sklearn/covariance/_robust_covariance.py:186: RuntimeWarning: Determinant has increased; this should not happen: log(det) > log(previous_det) (-64.745686659940802 > -64.859826559471756). You may want to try with a higher value of support_fraction (current value: 0.786).
  warnings.warn(
/home/nathanrasami/.local/lib/python3.8/site-packages/sklearn/covariance/_robust_covariance.py:186: RuntimeWarning: Determinant has increased; this should not happen: log(det) > log(previous_det) (-60.630870295494816 > -60.692918956487020). You may want to try with a higher value of support_fraction (current value: 0.786).
  warnings.warn(
/home/nathanrasami/.local/lib/python3.8/site-packages/sklearn/covariance/_robust_covariance.py:186: RuntimeWarning: Determinant has increased; this should not happen: log(det) > log(previous_det) (-60.630870295494816 > -60.692918956487020). You may want to try with a higher value of support_fraction (current value: 0.786).
  warnings.warn(
/home/nathanrasami/.local/lib/python3.8/site-packages/sklearn/covariance/_robust_covariance.py:186: RuntimeWarning: Determinant has increased; this should not happen: log(det) > log(previous_det) (-60.630870295494816 > -60.692918956487020). You may want to try with a higher value of support_fraction (current value: 0.786).
  warnings.warn(
/home/nathanrasami/.local/lib/python3.8/site-packages/sklearn/covariance/_robust_covariance.py:186: RuntimeWarning: Determinant has increased; this should not happen: log(det) > log(previous_det) (-60.630870295494816 > -60.692918956487020). You may want to try with a higher value of support_fraction (current value: 0.786).
  warnings.warn(
/home/nathanrasami/.local/lib/python3.8/site-packages/sklearn/covariance/_robust_covariance.py:186: RuntimeWarning: Determinant has increased; this should not happen: log(det) > log(previous_det) (-60.630870295494816 > -60.692918956487020). You may want to try with a higher value of support_fraction (current value: 0.786).
  warnings.warn(
/home/nathanrasami/.local/lib/python3.8/site-packages/sklearn/covariance/_robust_covariance.py:186: RuntimeWarning: Determinant has increased; this should not happen: log(det) > log(previous_det) (-41.983685230956162 > -43.246264885151277). You may want to try with a higher value of support_fraction (current value: 0.800).
  warnings.warn(
/home/nathanrasami/.local/lib/python3.8/site-packages/sklearn/covariance/_robust_covariance.py:186: RuntimeWarning: Determinant has increased; this should not happen: log(det) > log(previous_det) (-41.983685230956162 > -43.246264885151277). You may want to try with a higher value of support_fraction (current value: 0.800).
  warnings.warn(
/home/nathanrasami/.local/lib/python3.8/site-packages/sklearn/covariance/_robust_covariance.py:186: RuntimeWarning: Determinant has increased; this should not happen: log(det) > log(previous_det) (-41.983685230956162 > -43.246264885151277). You may want to try with a higher value of support_fraction (current value: 0.800).
  warnings.warn(
/home/nathanrasami/.local/lib/python3.8/site-packages/sklearn/covariance/_robust_covariance.py:186: RuntimeWarning: Determinant has increased; this should not happen: log(det) > log(previous_det) (-41.983685230956162 > -43.246264885151277). You may want to try with a higher value of support_fraction (current value: 0.800).
  warnings.warn(
/home/nathanrasami/.local/lib/python3.8/site-packages/sklearn/covariance/_robust_covariance.py:186: RuntimeWarning: Determinant has increased; this should not happen: log(det) > log(previous_det) (-41.983685230956162 > -43.246264885151277). You may want to try with a higher value of support_fraction (current value: 0.800).
  warnings.warn(
/home/nathanrasami/.local/lib/python3.8/site-packages/sklearn/covariance/_robust_covariance.py:186: RuntimeWarning: Determinant has increased; this should not happen: log(det) > log(previous_det) (-41.983685230956162 > -43.246264885151277). You may want to try with a higher value of support_fraction (current value: 0.800).
  warnings.warn(
/home/nathanrasami/.local/lib/python3.8/site-packages/sklearn/covariance/_robust_covariance.py:186: RuntimeWarning: Determinant has increased; this should not happen: log(det) > log(previous_det) (-3.821530965938780 > -27.960642075979681). You may want to try with a higher value of support_fraction (current value: 0.727).
  warnings.warn(
/home/nathanrasami/.local/lib/python3.8/site-packages/sklearn/covariance/_robust_covariance.py:186: RuntimeWarning: Determinant has increased; this should not happen: log(det) > log(previous_det) (-28.494912388569535 > -29.149106804679988). You may want to try with a higher value of support_fraction (current value: 0.727).
  warnings.warn(
/home/nathanrasami/.local/lib/python3.8/site-packages/sklearn/covariance/_robust_covariance.py:186: RuntimeWarning: Determinant has increased; this should not happen: log(det) > log(previous_det) (-28.494912388569535 > -29.149106804679988). You may want to try with a higher value of support_fraction (current value: 0.727).
  warnings.warn(
/home/nathanrasami/.local/lib/python3.8/site-packages/sklearn/covariance/_robust_covariance.py:186: RuntimeWarning: Determinant has increased; this should not happen: log(det) > log(previous_det) (-28.494912388569535 > -29.135846463952102). You may want to try with a higher value of support_fraction (current value: 0.727).
  warnings.warn(
/home/nathanrasami/.local/lib/python3.8/site-packages/sklearn/covariance/_robust_covariance.py:186: RuntimeWarning: Determinant has increased; this should not happen: log(det) > log(previous_det) (-28.494912388569535 > -29.149106804679988). You may want to try with a higher value of support_fraction (current value: 0.727).
  warnings.warn(
/home/nathanrasami/.local/lib/python3.8/site-packages/sklearn/covariance/_robust_covariance.py:186: RuntimeWarning: Determinant has increased; this should not happen: log(det) > log(previous_det) (-28.494912388569535 > -29.149106804679988). You may want to try with a higher value of support_fraction (current value: 0.727).
  warnings.warn(

Done.
[INFO] [1773364425.904879, 0.000000]: [sonar_bridge] ready — /sonar → /sonar_oculus_node/ping
[INFO] [1773364428.256713, 1.149109]: [sonar_bridge] 1024 ranges × 512 beams, res=0.0195 m/bin, FOV=120.0°
[INFO] [1773364426.885728, 0.000000]: Start online sonar feature extraction...
[INFO] [1773364425.899416, 0.000000]: [dvl_imu_odom] /dvl + /imu -> /direct_sonar/pose (intégration planaire)
[INFO] [1773364425.872881, 0.000000]: [gt_odom_to_pose] /ground_truth (Odometry) -> /pose_gt (PoseStamped)
/home/nathanrasami/.local/lib/python3.8/site-packages/sklearn/covariance/_robust_covariance.py:186: RuntimeWarning: Determinant has increased; this should not happen: log(det) > log(previous_det) (-28.494912388569535 > -29.149106804679988). You may want to try with a higher value of support_fraction (current value: 0.727).
  warnings.warn(
/home/nathanrasami/.local/lib/python3.8/site-packages/sklearn/covariance/_robust_covariance.py:186: RuntimeWarning: Determinant has increased; this should not happen: log(det) > log(previous_det) (-28.494912388569535 > -29.149106804679988). You may want to try with a higher value of support_fraction (current value: 0.727).
  warnings.warn(
/home/nathanrasami/.local/lib/python3.8/site-packages/sklearn/covariance/_robust_covariance.py:186: RuntimeWarning: Determinant has increased; this should not happen: log(det) > log(previous_det) (-28.494912388569535 > -29.135846463952102). You may want to try with a higher value of support_fraction (current value: 0.727).
  warnings.warn(
/home/nathanrasami/.local/lib/python3.8/site-packages/sklearn/covariance/_robust_covariance.py:186: RuntimeWarning: Determinant has increased; this should not happen: log(det) > log(previous_det) (-28.494912388569535 > -29.135846463952102). You may want to try with a higher value of support_fraction (current value: 0.727).
  warnings.warn(
/home/nathanrasami/.local/lib/python3.8/site-packages/sklearn/covariance/_robust_covariance.py:186: RuntimeWarning: Determinant has increased; this should not happen: log(det) > log(previous_det) (-28.494912388569535 > -29.149106804679988). You may want to try with a higher value of support_fraction (current value: 0.727).
  warnings.warn(
/home/nathanrasami/.local/lib/python3.8/site-packages/sklearn/covariance/_robust_covariance.py:186: RuntimeWarning: Determinant has increased; this should not happen: log(det) > log(previous_det) (-28.494912388569535 > -29.135846463952102). You may want to try with a higher value of support_fraction (current value: 0.727).
  warnings.warn(
/home/nathanrasami/.local/lib/python3.8/site-packages/sklearn/covariance/_robust_covariance.py:186: RuntimeWarning: Determinant has increased; this should not happen: log(det) > log(previous_det) (-28.494912388569535 > -29.149106804679988). You may want to try with a higher value of support_fraction (current value: 0.727).
  warnings.warn(
/home/nathanrasami/.local/lib/python3.8/site-packages/sklearn/covariance/_robust_covariance.py:186: RuntimeWarning: Determinant has increased; this should not happen: log(det) > log(previous_det) (-28.494912388569535 > -29.149106804679988). You may want to try with a higher value of support_fraction (current value: 0.727).
  warnings.warn(
/home/nathanrasami/.local/lib/python3.8/site-packages/sklearn/covariance/_robust_covariance.py:186: RuntimeWarning: Determinant has increased; this should not happen: log(det) > log(previous_det) (-28.494912388569535 > -29.135846463952102). You may want to try with a higher value of support_fraction (current value: 0.727).
  warnings.warn(
/home/nathanrasami/.local/lib/python3.8/site-packages/sklearn/covariance/_robust_covariance.py:186: RuntimeWarning: Determinant has increased; this should not happen: log(det) > log(previous_det) (-28.494912388569535 > -29.149106804679988). You may want to try with a higher value of support_fraction (current value: 0.727).
  warnings.warn(
/home/nathanrasami/.local/lib/python3.8/site-packages/sklearn/covariance/_robust_covariance.py:186: RuntimeWarning: Determinant has increased; this should not happen: log(det) > log(previous_det) (-28.494912388569535 > -29.149106804679988). You may want to try with a higher value of support_fraction (current value: 0.727).
  warnings.warn(
/home/nathanrasami/.local/lib/python3.8/site-packages/sklearn/covariance/_robust_covariance.py:747: UserWarning: The covariance matrix associated to your dataset is not full rank
  warnings.warn(
/home/nathanrasami/.local/lib/python3.8/site-packages/sklearn/covariance/_robust_covariance.py:747: UserWarning: The covariance matrix associated to your dataset is not full rank
  warnings.warn(
/home/nathanrasami/.local/lib/python3.8/site-packages/sklearn/covariance/_robust_covariance.py:186: RuntimeWarning: Determinant has increased; this should not happen: log(det) > log(previous_det) (-46.070427179330913 > -47.452924407621438). You may want to try with a higher value of support_fraction (current value: 0.800).
  warnings.warn(
/home/nathanrasami/.local/lib/python3.8/site-packages/sklearn/covariance/_robust_covariance.py:186: RuntimeWarning: Determinant has increased; this should not happen: log(det) > log(previous_det) (-46.070427179330913 > -47.452924407621438). You may want to try with a higher value of support_fraction (current value: 0.800).
  warnings.warn(
/home/nathanrasami/.local/lib/python3.8/site-packages/sklearn/covariance/_robust_covariance.py:186: RuntimeWarning: Determinant has increased; this should not happen: log(det) > log(previous_det) (-46.070427179330913 > -47.452924407621438). You may want to try with a higher value of support_fraction (current value: 0.800).
  warnings.warn(
/home/nathanrasami/.local/lib/python3.8/site-packages/sklearn/covariance/_robust_covariance.py:186: RuntimeWarning: Determinant has increased; this should not happen: log(det) > log(previous_det) (-46.070427179330913 > -47.452924407621438). You may want to try with a higher value of support_fraction (current value: 0.800).
  warnings.warn(
/home/nathanrasami/.local/lib/python3.8/site-packages/sklearn/covariance/_robust_covariance.py:186: RuntimeWarning: Determinant has increased; this should not happen: log(det) > log(previous_det) (-46.070427179330913 > -47.452924407621438). You may want to try with a higher value of support_fraction (current value: 0.800).
  warnings.warn(
/home/nathanrasami/.local/lib/python3.8/site-packages/sklearn/covariance/_robust_covariance.py:186: RuntimeWarning: Determinant has increased; this should not happen: log(det) > log(previous_det) (-46.070427179330913 > -47.452924407621438). You may want to try with a higher value of support_fraction (current value: 0.800).
  warnings.warn(
/home/nathanrasami/.local/lib/python3.8/site-packages/sklearn/covariance/_robust_covariance.py:186: RuntimeWarning: Determinant has increased; this should not happen: log(det) > log(previous_det) (-46.070427179330913 > -47.452924407621438). You may want to try with a higher value of support_fraction (current value: 0.800).
  warnings.warn(
SLAM STATUS:  True
SSM:  False
NSSM:  True
SONAR CONTEXT:  False
USBL FACTORS:  False
[INFO] [1773364427.365495, 0.000000]: SLAM node is initialized
[INFO] [1773364427.367394, 0.000000]: Start online slam...
[INFO] [1773405388.417370, 1066.238126]: Trajectory saved to /home/nathanrasami/Documents/Polytech/Stage4A/SLAM/sonar-SLAM/results/run_holoocean_2026-03-13_091344/trajectory.csv
[INFO] [1773405388.572090, 1066.238126]: Point cloud saved to /home/nathanrasami/Documents/Polytech/Stage4A/SLAM/sonar-SLAM/results/run_holoocean_2026-03-13_091344/pointcloud.csv
[INFO] [1773405388.575458, 1066.238126]: NSSM funnel log saved to /home/nathanrasami/Documents/Polytech/Stage4A/SLAM/sonar-SLAM/results/run_holoocean_2026-03-13_091344/nssm_attempts.csv
[INFO] [1773405388.713816, 1066.238126]: Ground truth saved to /home/nathanrasami/Documents/Polytech/Stage4A/SLAM/sonar-SLAM/results/run_holoocean_2026-03-13_091344/groundtruth.csv
[INFO] [1773405388.844639, 1066.238126]: Odometry saved to /home/nathanrasami/Documents/Polytech/Stage4A/SLAM/sonar-SLAM/results/run_holoocean_2026-03-13_091344/odometry.csv
... logging to /home/nathanrasami/.ros/log/e166c7b0-1e79-11f1-bf84-ab89c4470ec3/roslaunch-Natrasami-15641.log
Checking log directory for disk usage. This may take a while.
Press Ctrl-C to interrupt
Done checking log file disk usage. Usage is <1GB.
]2;/home/nathanrasami/Documents/Polytech/Stage4A/SLAM/sonar-SLAM/bruce_slam/launch/holoocean.launch
[1mstarted roslaunch server http://localhost:42991/[0m

SUMMARY
========

PARAMETERS
 * /bruce/slam/feature_extraction/CFAR/Ngc: 4
 * /bruce/slam/feature_extraction/CFAR/Ntc: 20
 * /bruce/slam/feature_extraction/CFAR/Pfa: 0.1
 * /bruce/slam/feature_extraction/CFAR/alg: SOCA
 * /bruce/slam/feature_extraction/CFAR/rank: 10
 * /bruce/slam/feature_extraction/cartesian_mode: False
 * /bruce/slam/feature_extraction/compressed_images: False
 * /bruce/slam/feature_extraction/filter/min_points: 5
 * /bruce/slam/feature_extraction/filter/radius: 1.0
 * /bruce/slam/feature_extraction/filter/resolution: 0.5
 * /bruce/slam/feature_extraction/filter/skip: 1
 * /bruce/slam/feature_extraction/filter/threshold: 30
 * /bruce/slam/feature_extraction/sonar_context/enable: False
 * /bruce/slam/feature_extraction/sonar_context/intensity_threshold: 5
 * /bruce/slam/feature_extraction/sonar_context/num_azimuth: 40
 * /bruce/slam/feature_extraction/sonar_context/num_range: 40
 * /bruce/slam/feature_extraction/visualization/color: [0, 165, 255]
 * /bruce/slam/feature_extraction/visualization/coordinates: polar
 * /bruce/slam/feature_extraction/visualization/radius: 2
 * /bruce/slam/slam/enable_slam: True
 * /bruce/slam/slam/icp_config: /home/nathanrasam...
 * /bruce/slam/slam/icp_odom_sigmas: [0.1, 0.1, 0.01]
 * /bruce/slam/slam/keyframe_duration: 1.0
 * /bruce/slam/slam/keyframe_rotation: 0.2617993877991494
 * /bruce/slam/slam/keyframe_translation: 0.5
 * /bruce/slam/slam/min_pcm: 4
 * /bruce/slam/slam/nssm/cov_samples: 30
 * /bruce/slam/slam/nssm/enable: True
 * /bruce/slam/slam/nssm/max_rotation: 1.0471975511965976
 * /bruce/slam/slam/nssm/max_translation: 10.0
 * /bruce/slam/slam/nssm/min_points: 50
 * /bruce/slam/slam/nssm/min_st_sep: 25
 * /bruce/slam/slam/nssm/source_frames: 5
 * /bruce/slam/slam/odom_sigmas: [0.1, 0.1, 0.01]
 * /bruce/slam/slam/pcm_queue_size: 5
 * /bruce/slam/slam/point_resolution: 0.3
 * /bruce/slam/slam/prior_sigmas: [0.1, 0.1, 0.01]
 * /bruce/slam/slam/pz_detection_rate: 0.3
 * /bruce/slam/slam/pz_samples: 0
 * /bruce/slam/slam/save_data: True
 * /bruce/slam/slam/save_fig: False
 * /bruce/slam/slam/sonar_context/dist_threshold: 0.2
 * /bruce/slam/slam/sonar_context/dz_gate: 0.0
 * /bruce/slam/slam/sonar_context/enable: False
 * /bruce/slam/slam/sonar_context/gate_distance: 10.0
 * /bruce/slam/slam/sonar_context/knn: 5
 * /bruce/slam/slam/sonar_context/max_azimuth_shift: 10
 * /bruce/slam/slam/sonar_context/max_range_shift: 5
 * /bruce/slam/slam/sonar_context/union: False
 * /bruce/slam/slam/ssm/enable: False
 * /bruce/slam/slam/ssm/max_rotation: 0.5235987755982988
 * /bruce/slam/slam/ssm/max_translation: 3.0
 * /bruce/slam/slam/ssm/min_points: 50
 * /bruce/slam/slam/ssm/target_frames: 3
 * /bruce/slam/slam/usbl/enable: False
 * /bruce/slam/sonar_bridge/range_m: 20
 * /rosdistro: noetic
 * /rosversion: 1.17.4
 * /use_sim_time: True

NODES
  /
    rosbag_play (rosbag/play)
    rviz (rviz/rviz)
  /bruce/slam/
    dvl_imu_odom (bruce_slam/dvl_imu_odom.py)
    feature_extraction (bruce_slam/feature_extraction_node.py)
    gt_odom_to_pose (bruce_slam/gt_odom_to_pose.py)
    odom_bridge (bruce_slam/odom_bridge_node.py)
    slam (bruce_slam/slam_node.py)
    sonar_bridge (bruce_slam/holoocean_sonar_bridge.py)

auto-starting new master
[1mprocess[master]: started with pid [15665][0m
[1mROS_MASTER_URI=http://localhost:11311[0m
]2;/home/nathanrasami/Documents/Polytech/Stage4A/SLAM/sonar-SLAM/bruce_slam/launch/holoocean.launch http://localhost:11311
[1msetting /run_id to e166c7b0-1e79-11f1-bf84-ab89c4470ec3[0m
[1mprocess[rosout-1]: started with pid [15690][0m
started core service [/rosout]
[1mprocess[rosbag_play-2]: started with pid [15693][0m
[1mprocess[bruce/slam/gt_odom_to_pose-3]: started with pid [15694][0m
[1mprocess[bruce/slam/dvl_imu_odom-4]: started with pid [15699][0m
[1mprocess[bruce/slam/odom_bridge-5]: started with pid [15700][0m
[1mprocess[bruce/slam/sonar_bridge-6]: started with pid [15704][0m
[1mprocess[bruce/slam/feature_extraction-7]: started with pid [15709][0m
[1mprocess[bruce/slam/slam-8]: started with pid [15711][0m
[1mprocess[rviz-9]: started with pid [15712][0m
[rviz-9] killing on exit
[bruce/slam/slam-8] killing on exit
[bruce/slam/feature_extraction-7] killing on exit
[bruce/slam/sonar_bridge-6] killing on exit
[bruce/slam/odom_bridge-5] killing on exit
[bruce/slam/dvl_imu_odom-4] killing on exit
[bruce/slam/gt_odom_to_pose-3] killing on exit
[rosbag_play-2] killing on exit
[rosout-1] killing on exit
[master] killing on exit
shutting down processing monitor...
... shutting down processing monitor complete
[1mdone[0m
[31m================================================================================REQUIRED process [rosbag_play-2] has died!
process has finished cleanly
log file: /home/nathanrasami/.ros/log/e166c7b0-1e79-11f1-bf84-ab89c4470ec3/rosbag_play-2*.log
Initiating shutdown!
================================================================================[0m
[run_slam] Terminé. Analyse : ./analyse.sh run_holoocean_2026-03-13_091344
[analyse] /home/nathanrasami/Documents/Polytech/Stage4A/SLAM/sonar-SLAM/results/run_holoocean_2026-07-14_225834
— holoocean_report.py
run_holoocean_2026-07-14_225834 : ATE Umeyama 1.14 m (origine 1.33) | DR 1.14 (1.33)
-> /home/nathanrasami/Documents/Polytech/Stage4A/SLAM/sonar-SLAM/results/run_holoocean_2026-07-14_225834/carte_finale.png
-> /home/nathanrasami/Documents/Polytech/Stage4A/SLAM/sonar-SLAM/results/run_holoocean_2026-07-14_225834/error_over_time.png
-> /home/nathanrasami/Documents/Polytech/Stage4A/SLAM/sonar-SLAM/results/run_holoocean_2026-07-14_225834/pointcloud_map.png
-> /home/nathanrasami/Documents/Polytech/Stage4A/SLAM/sonar-SLAM/results/run_holoocean_2026-07-14_225834/pointcloud_filtered.png
-> /home/nathanrasami/Documents/Polytech/Stage4A/SLAM/sonar-SLAM/results/run_holoocean_2026-07-14_225834/trajectory_plot.png
-> /home/nathanrasami/Documents/Polytech/Stage4A/SLAM/sonar-SLAM/results/run_holoocean_2026-07-14_225834/trajectory_plot_origine.png
-> /home/nathanrasami/Documents/Polytech/Stage4A/SLAM/sonar-SLAM/results/run_holoocean_2026-07-14_225834/trajectory_comparison.png
— paper_eval.py

===== run_holoocean_2026-07-14_225834 — run_holoocean_2026-07-14_225834 (KF=837, det(R)=+1)
ATE  : Umeyama SE(2) 1.14 m | premiere-pose 1.33 m | sim(2) echelle 1.13 m (s=0.9979)
Odom : Umeyama 1.14 m | premiere-pose 1.33 m | RE 5.77 % / 0.025 deg/m
RE   : translation 5.77 % | rotation 0.025 deg/m (segments 10 %)
S1   : ATE fp 0.67 m | ATE um 0.24 m | RE 6.00 % / 0.064 deg/m
S2   : ATE fp 1.30 m | ATE um 0.70 m | RE 5.90 % / 0.053 deg/m
S3   : ATE fp 0.74 m | ATE um 0.46 m | RE 6.20 % / 0.038 deg/m
Cap  : med 0.7 deg RMS 1.1 deg (s=+1, beta=-3.0 deg)
Cloud: NN auto 0.068 m | vs cloud-GT med 0.32 m p90 1.15 m (22179 pts)
— carte_3d.py (conteneur)
/profiler_points : std(z) méd 0.04/p90 0.04 | std(x) 0.00 std(y) 4.94 m (auv0, repère véhicule) → profiler transverse (méthode grottes)
/sonar_points : std(z) méd 0.00/p90 0.00 | std(x) 3.31 std(y) 7.79 m (auv0, repère véhicule) → pseudo-3D (tranches), EXCLU
/sonar_vert_points : std(z) méd 6.80/p90 6.85 | std(x) 3.27 std(y) 0.00 m (auv0, repère véhicule) → fan VERTICAL avant, le « + » (1 paroi/faisceau)
→ carte STRUCTURELLE (fan VERTICAL avant, le « + » (1 paroi/faisceau) + profiler transverse (méthode grottes)) depuis ['/profiler_points', '/sonar_vert_points'] ; autres sources exclues.
filtre anti-résidus [SLAM] : -5514 surface, -165132 fantômes hors-plan → 238,453 pts
filtre anti-résidus [GT] : -1701 surface, -52283 fantômes hors-plan → 205,301 pts
filtre anti-résidus [GT] : -3587 surface, -89006 fantômes hors-plan → 57,022 pts
carte : 238,453 pts bruts → 155,463 pts (structurel — FUSION fan vertical avant + profiler transverse 360° (1 paroi/faisceau, voxel 0.2 m))
carte GT-free vs carte GT (Umeyama) : NN méd 0.218 m | p90 1.697 m
comblage sonar horizontal : 8 pts (bateau + tablier hors portée du profiler)
-> /home/nathanrasami/Documents/Polytech/Stage4A/SLAM/sonar-SLAM/results/run_holoocean_2026-07-14_225834/carte_3d.html
-> /home/nathanrasami/Documents/Polytech/Stage4A/SLAM/sonar-SLAM/results/run_holoocean_2026-07-14_225834/carte_3d.png/.npy
— bilan_run.py
run_holoocean_2026-07-14_225834 : KF=837 ATE=1.14 m | cap méd=0.7° RMS=1.1° (s=+1, β=-3°) | cloud 22179 pts NN=0.068
-> /home/nathanrasami/Documents/Polytech/Stage4A/SLAM/sonar-SLAM/results/run_holoocean_2026-07-14_225834/bilan_run.png
[analyse] terminé — fichiers dans /home/nathanrasami/Documents/Polytech/Stage4A/SLAM/sonar-SLAM/results/run_holoocean_2026-07-14_225834
