[run_slam] Résultats dans : /home/nathanrasami/Documents/Polytech/Stage4A/SLAM/sonar-SLAM/results/run_holoocean_2026-07-15_210132
Warning: Ignoring XDG_SESSION_TYPE=wayland on Gnome. Use QT_QPA_PLATFORM=wayland to run on Wayland anyway.
[0m[INFO] [1784120493.818980926]: Opening /home/nathanrasami/Documents/Polytech/Stage4A/SLAM/sonar-SLAM/BAG_files/holoocean_3d_traj5.bag[0m
Waiting 0.2 seconds after advertising topics... done.

Hit space to toggle paused, or 's' to step.

** (rviz:95612): WARNING **: 21:01:59.418: atk-bridge: get_device_events_reply: unknown signature
/home/nathanrasami/.local/lib/python3.8/site-packages/sklearn/covariance/_robust_covariance.py:186: RuntimeWarning: Determinant has increased; this should not happen: log(det) > log(previous_det) (-94.907736339969347 > -95.123433060472593). You may want to try with a higher value of support_fraction (current value: 0.800).
  warnings.warn(
/home/nathanrasami/.local/lib/python3.8/site-packages/sklearn/covariance/_robust_covariance.py:186: RuntimeWarning: Determinant has increased; this should not happen: log(det) > log(previous_det) (-94.907736339969347 > -95.149871381972986). You may want to try with a higher value of support_fraction (current value: 0.800).
  warnings.warn(
/home/nathanrasami/.local/lib/python3.8/site-packages/sklearn/covariance/_robust_covariance.py:186: RuntimeWarning: Determinant has increased; this should not happen: log(det) > log(previous_det) (-94.907736339969347 > -95.123433060472593). You may want to try with a higher value of support_fraction (current value: 0.800).
  warnings.warn(
/home/nathanrasami/.local/lib/python3.8/site-packages/sklearn/covariance/_robust_covariance.py:186: RuntimeWarning: Determinant has increased; this should not happen: log(det) > log(previous_det) (-94.907736339969347 > -94.969079824384636). You may want to try with a higher value of support_fraction (current value: 0.800).
  warnings.warn(
/home/nathanrasami/.local/lib/python3.8/site-packages/sklearn/covariance/_robust_covariance.py:186: RuntimeWarning: Determinant has increased; this should not happen: log(det) > log(previous_det) (-94.907736339969347 > -95.123433060472593). You may want to try with a higher value of support_fraction (current value: 0.800).
  warnings.warn(
/home/nathanrasami/.local/lib/python3.8/site-packages/sklearn/covariance/_robust_covariance.py:186: RuntimeWarning: Determinant has increased; this should not happen: log(det) > log(previous_det) (-94.907736339969347 > -95.123433060472593). You may want to try with a higher value of support_fraction (current value: 0.800).
  warnings.warn(
/home/nathanrasami/.local/lib/python3.8/site-packages/sklearn/covariance/_robust_covariance.py:186: RuntimeWarning: Determinant has increased; this should not happen: log(det) > log(previous_det) (-94.907736339969347 > -95.149871381972986). You may want to try with a higher value of support_fraction (current value: 0.800).
  warnings.warn(
/home/nathanrasami/.local/lib/python3.8/site-packages/sklearn/covariance/_robust_covariance.py:186: RuntimeWarning: Determinant has increased; this should not happen: log(det) > log(previous_det) (-94.907736339969347 > -94.969079824384636). You may want to try with a higher value of support_fraction (current value: 0.800).
  warnings.warn(
/home/nathanrasami/.local/lib/python3.8/site-packages/sklearn/covariance/_robust_covariance.py:186: RuntimeWarning: Determinant has increased; this should not happen: log(det) > log(previous_det) (-94.907736339969347 > -94.969079824384636). You may want to try with a higher value of support_fraction (current value: 0.800).
  warnings.warn(
/home/nathanrasami/.local/lib/python3.8/site-packages/sklearn/covariance/_robust_covariance.py:186: RuntimeWarning: Determinant has increased; this should not happen: log(det) > log(previous_det) (-94.907736339969347 > -94.969079824384636). You may want to try with a higher value of support_fraction (current value: 0.800).
  warnings.warn(
/home/nathanrasami/.local/lib/python3.8/site-packages/sklearn/covariance/_robust_covariance.py:186: RuntimeWarning: Determinant has increased; this should not happen: log(det) > log(previous_det) (-94.907736339969347 > -95.123433060472593). You may want to try with a higher value of support_fraction (current value: 0.800).
  warnings.warn(
/home/nathanrasami/.local/lib/python3.8/site-packages/sklearn/covariance/_robust_covariance.py:186: RuntimeWarning: Determinant has increased; this should not happen: log(det) > log(previous_det) (-94.907736339969347 > -95.123433060472593). You may want to try with a higher value of support_fraction (current value: 0.800).
  warnings.warn(
/home/nathanrasami/.local/lib/python3.8/site-packages/sklearn/covariance/_robust_covariance.py:186: RuntimeWarning: Determinant has increased; this should not happen: log(det) > log(previous_det) (-94.907736339969347 > -95.123433060472593). You may want to try with a higher value of support_fraction (current value: 0.800).
  warnings.warn(
/home/nathanrasami/.local/lib/python3.8/site-packages/sklearn/covariance/_robust_covariance.py:186: RuntimeWarning: Determinant has increased; this should not happen: log(det) > log(previous_det) (-94.907736339969347 > -95.123433060472593). You may want to try with a higher value of support_fraction (current value: 0.800).
  warnings.warn(
/home/nathanrasami/.local/lib/python3.8/site-packages/sklearn/covariance/_robust_covariance.py:186: RuntimeWarning: Determinant has increased; this should not happen: log(det) > log(previous_det) (-94.907736339969347 > -95.149871381972986). You may want to try with a higher value of support_fraction (current value: 0.800).
  warnings.warn(
/home/nathanrasami/.local/lib/python3.8/site-packages/sklearn/covariance/_robust_covariance.py:186: RuntimeWarning: Determinant has increased; this should not happen: log(det) > log(previous_det) (-94.907736339969347 > -95.149871381972986). You may want to try with a higher value of support_fraction (current value: 0.800).
  warnings.warn(
/home/nathanrasami/.local/lib/python3.8/site-packages/sklearn/covariance/_robust_covariance.py:186: RuntimeWarning: Determinant has increased; this should not happen: log(det) > log(previous_det) (-94.907736339969347 > -95.123433060472593). You may want to try with a higher value of support_fraction (current value: 0.800).
  warnings.warn(
/home/nathanrasami/.local/lib/python3.8/site-packages/sklearn/covariance/_robust_covariance.py:186: RuntimeWarning: Determinant has increased; this should not happen: log(det) > log(previous_det) (-94.907736339969347 > -95.123433060472593). You may want to try with a higher value of support_fraction (current value: 0.800).
  warnings.warn(
/home/nathanrasami/.local/lib/python3.8/site-packages/sklearn/covariance/_robust_covariance.py:186: RuntimeWarning: Determinant has increased; this should not happen: log(det) > log(previous_det) (-94.907736339969347 > -95.123433060472593). You may want to try with a higher value of support_fraction (current value: 0.800).
  warnings.warn(
/home/nathanrasami/.local/lib/python3.8/site-packages/sklearn/covariance/_robust_covariance.py:186: RuntimeWarning: Determinant has increased; this should not happen: log(det) > log(previous_det) (-94.907736339969347 > -95.123433060472593). You may want to try with a higher value of support_fraction (current value: 0.800).
  warnings.warn(
/home/nathanrasami/.local/lib/python3.8/site-packages/sklearn/covariance/_robust_covariance.py:186: RuntimeWarning: Determinant has increased; this should not happen: log(det) > log(previous_det) (-94.907736339969347 > -94.969079824384636). You may want to try with a higher value of support_fraction (current value: 0.800).
  warnings.warn(
/home/nathanrasami/.local/lib/python3.8/site-packages/sklearn/covariance/_robust_covariance.py:186: RuntimeWarning: Determinant has increased; this should not happen: log(det) > log(previous_det) (-94.907736339969347 > -94.969079824384636). You may want to try with a higher value of support_fraction (current value: 0.800).
  warnings.warn(
/home/nathanrasami/.local/lib/python3.8/site-packages/sklearn/covariance/_robust_covariance.py:186: RuntimeWarning: Determinant has increased; this should not happen: log(det) > log(previous_det) (-94.907736339969347 > -94.969079824384636). You may want to try with a higher value of support_fraction (current value: 0.800).
  warnings.warn(

Done.
[INFO] [1784120494.850471, 0.000000]: Start online sonar feature extraction...
[INFO] [1784120494.286288, 0.000000]: [sonar_bridge] ready — /sonar → /sonar_oculus_node/ping
[INFO] [1784120496.280147, 1.152857]: [sonar_bridge] 1024 ranges × 512 beams, res=0.0391 m/bin, FOV=120.0°
[INFO] [1784120494.280352, 0.000000]: [gt_odom_to_pose] /ground_truth (Odometry) -> /pose_gt (PoseStamped)
[INFO] [1784120494.239484, 0.000000]: [dvl_imu_odom] /dvl + /imu -> /direct_sonar/pose (intégration planaire)
/home/nathanrasami/.local/lib/python3.8/site-packages/sklearn/covariance/_robust_covariance.py:186: RuntimeWarning: Determinant has increased; this should not happen: log(det) > log(previous_det) (-94.907736339969347 > -95.123433060472593). You may want to try with a higher value of support_fraction (current value: 0.800).
  warnings.warn(
/home/nathanrasami/.local/lib/python3.8/site-packages/sklearn/covariance/_robust_covariance.py:186: RuntimeWarning: Determinant has increased; this should not happen: log(det) > log(previous_det) (-94.907736339969347 > -95.123433060472593). You may want to try with a higher value of support_fraction (current value: 0.800).
  warnings.warn(
/home/nathanrasami/.local/lib/python3.8/site-packages/sklearn/covariance/_robust_covariance.py:186: RuntimeWarning: Determinant has increased; this should not happen: log(det) > log(previous_det) (-94.907736339969347 > -95.123433060472593). You may want to try with a higher value of support_fraction (current value: 0.800).
  warnings.warn(
/home/nathanrasami/.local/lib/python3.8/site-packages/sklearn/covariance/_robust_covariance.py:186: RuntimeWarning: Determinant has increased; this should not happen: log(det) > log(previous_det) (-94.907736339969347 > -95.123433060472593). You may want to try with a higher value of support_fraction (current value: 0.800).
  warnings.warn(
/home/nathanrasami/.local/lib/python3.8/site-packages/sklearn/covariance/_robust_covariance.py:186: RuntimeWarning: Determinant has increased; this should not happen: log(det) > log(previous_det) (-87.077192104638272 > -87.080411327633215). You may want to try with a higher value of support_fraction (current value: 0.800).
  warnings.warn(
/home/nathanrasami/.local/lib/python3.8/site-packages/sklearn/covariance/_robust_covariance.py:186: RuntimeWarning: Determinant has increased; this should not happen: log(det) > log(previous_det) (-31.065317134658116 > -31.296015739835624). You may want to try with a higher value of support_fraction (current value: 0.800).
  warnings.warn(
/home/nathanrasami/.local/lib/python3.8/site-packages/sklearn/covariance/_robust_covariance.py:186: RuntimeWarning: Determinant has increased; this should not happen: log(det) > log(previous_det) (-31.065317134658116 > -31.296015739835624). You may want to try with a higher value of support_fraction (current value: 0.800).
  warnings.warn(
/home/nathanrasami/.local/lib/python3.8/site-packages/sklearn/covariance/_robust_covariance.py:186: RuntimeWarning: Determinant has increased; this should not happen: log(det) > log(previous_det) (-31.065317134658116 > -31.296015739835624). You may want to try with a higher value of support_fraction (current value: 0.800).
  warnings.warn(
SLAM STATUS:  True
SSM:  False
NSSM:  True
SONAR CONTEXT:  False
USBL FACTORS:  False
[INFO] [1784120495.249800, 0.000000]: SLAM node is initialized
[INFO] [1784120495.251859, 0.000000]: Start online slam...
[INFO] [1784121887.953660, 1392.347794]: Trajectory saved to /home/nathanrasami/Documents/Polytech/Stage4A/SLAM/sonar-SLAM/results/run_holoocean_2026-07-15_210132/trajectory.csv
[INFO] [1784121888.172045, 1392.347794]: Point cloud saved to /home/nathanrasami/Documents/Polytech/Stage4A/SLAM/sonar-SLAM/results/run_holoocean_2026-07-15_210132/pointcloud.csv
[INFO] [1784121888.174436, 1392.347794]: NSSM funnel log saved to /home/nathanrasami/Documents/Polytech/Stage4A/SLAM/sonar-SLAM/results/run_holoocean_2026-07-15_210132/nssm_attempts.csv
[INFO] [1784121888.291135, 1392.347794]: Ground truth saved to /home/nathanrasami/Documents/Polytech/Stage4A/SLAM/sonar-SLAM/results/run_holoocean_2026-07-15_210132/groundtruth.csv
[INFO] [1784121888.372846, 1392.347794]: Odometry saved to /home/nathanrasami/Documents/Polytech/Stage4A/SLAM/sonar-SLAM/results/run_holoocean_2026-07-15_210132/odometry.csv
[31m================================================================================REQUIRED process [rosbag_play-2] has died!
process has finished cleanly
log file: /home/nathanrasami/.ros/log/4dd37472-804d-11f1-80a4-0608fb9ae903/rosbag_play-2*.log
Initiating shutdown!
================================================================================[0m
... logging to /home/nathanrasami/.ros/log/4dd37472-804d-11f1-80a4-0608fb9ae903/roslaunch-Natrasami-95544.log
Checking log directory for disk usage. This may take a while.
Press Ctrl-C to interrupt
Done checking log file disk usage. Usage is <1GB.
]2;/home/nathanrasami/Documents/Polytech/Stage4A/SLAM/sonar-SLAM/bruce_slam/launch/holoocean.launch
[1mstarted roslaunch server http://localhost:46811/[0m

SUMMARY
========

PARAMETERS
 * /bruce/slam/feature_extraction/CFAR/Ngc: 4
 * /bruce/slam/feature_extraction/CFAR/Ntc: 20
 * /bruce/slam/feature_extraction/CFAR/Pfa: 0.1
 * /bruce/slam/feature_extraction/CFAR/alg: SOCA
 * /bruce/slam/feature_extraction/CFAR/rank: 10
 * /bruce/slam/feature_extraction/cartesian_mode: False
 * /bruce/slam/feature_extraction/compressed_images: False
 * /bruce/slam/feature_extraction/filter/min_points: 5
 * /bruce/slam/feature_extraction/filter/radius: 1.0
 * /bruce/slam/feature_extraction/filter/resolution: 0.5
 * /bruce/slam/feature_extraction/filter/skip: 1
 * /bruce/slam/feature_extraction/filter/threshold: 30
 * /bruce/slam/feature_extraction/sonar_context/enable: False
 * /bruce/slam/feature_extraction/sonar_context/intensity_threshold: 5
 * /bruce/slam/feature_extraction/sonar_context/num_azimuth: 40
 * /bruce/slam/feature_extraction/sonar_context/num_range: 40
 * /bruce/slam/feature_extraction/visualization/color: [0, 165, 255]
 * /bruce/slam/feature_extraction/visualization/coordinates: polar
 * /bruce/slam/feature_extraction/visualization/radius: 2
 * /bruce/slam/slam/enable_slam: True
 * /bruce/slam/slam/icp_config: /home/nathanrasam...
 * /bruce/slam/slam/icp_odom_sigmas: [0.1, 0.1, 0.01]
 * /bruce/slam/slam/keyframe_duration: 1.0
 * /bruce/slam/slam/keyframe_rotation: 0.2617993877991494
 * /bruce/slam/slam/keyframe_translation: 0.5
 * /bruce/slam/slam/min_pcm: 4
 * /bruce/slam/slam/nssm/cov_samples: 30
 * /bruce/slam/slam/nssm/enable: True
 * /bruce/slam/slam/nssm/max_rotation: 1.0471975511965976
 * /bruce/slam/slam/nssm/max_translation: 10.0
 * /bruce/slam/slam/nssm/min_points: 50
 * /bruce/slam/slam/nssm/min_st_sep: 25
 * /bruce/slam/slam/nssm/source_frames: 5
 * /bruce/slam/slam/odom_sigmas: [0.1, 0.1, 0.01]
 * /bruce/slam/slam/pcm_queue_size: 5
 * /bruce/slam/slam/point_resolution: 0.3
 * /bruce/slam/slam/prior_sigmas: [0.1, 0.1, 0.01]
 * /bruce/slam/slam/pz_detection_rate: 0.3
 * /bruce/slam/slam/pz_samples: 0
 * /bruce/slam/slam/save_data: True
 * /bruce/slam/slam/save_fig: False
 * /bruce/slam/slam/sonar_context/dist_threshold: 0.2
 * /bruce/slam/slam/sonar_context/dz_gate: 0.0
 * /bruce/slam/slam/sonar_context/enable: False
 * /bruce/slam/slam/sonar_context/gate_distance: 10.0
 * /bruce/slam/slam/sonar_context/knn: 5
 * /bruce/slam/slam/sonar_context/max_azimuth_shift: 10
 * /bruce/slam/slam/sonar_context/max_range_shift: 5
 * /bruce/slam/slam/sonar_context/union: False
 * /bruce/slam/slam/ssm/enable: False
 * /bruce/slam/slam/ssm/max_rotation: 0.5235987755982988
 * /bruce/slam/slam/ssm/max_translation: 3.0
 * /bruce/slam/slam/ssm/min_points: 50
 * /bruce/slam/slam/ssm/target_frames: 3
 * /bruce/slam/slam/usbl/enable: False
 * /bruce/slam/sonar_bridge/range_m: 40
 * /rosdistro: noetic
 * /rosversion: 1.17.4
 * /use_sim_time: True

NODES
  /
    rosbag_play (rosbag/play)
    rviz (rviz/rviz)
  /bruce/slam/
    dvl_imu_odom (bruce_slam/dvl_imu_odom.py)
    feature_extraction (bruce_slam/feature_extraction_node.py)
    gt_odom_to_pose (bruce_slam/gt_odom_to_pose.py)
    odom_bridge (bruce_slam/odom_bridge_node.py)
    slam (bruce_slam/slam_node.py)
    sonar_bridge (bruce_slam/holoocean_sonar_bridge.py)

auto-starting new master
[1mprocess[master]: started with pid [95567][0m
[1mROS_MASTER_URI=http://localhost:11311[0m
]2;/home/nathanrasami/Documents/Polytech/Stage4A/SLAM/sonar-SLAM/bruce_slam/launch/holoocean.launch http://localhost:11311
[1msetting /run_id to 4dd37472-804d-11f1-80a4-0608fb9ae903[0m
[1mprocess[rosout-1]: started with pid [95593][0m
started core service [/rosout]
[1mprocess[rosbag_play-2]: started with pid [95600][0m
[1mprocess[bruce/slam/gt_odom_to_pose-3]: started with pid [95601][0m
[1mprocess[bruce/slam/dvl_imu_odom-4]: started with pid [95607][0m
[1mprocess[bruce/slam/odom_bridge-5]: started with pid [95608][0m
[1mprocess[bruce/slam/sonar_bridge-6]: started with pid [95609][0m
[1mprocess[bruce/slam/feature_extraction-7]: started with pid [95610][0m
[1mprocess[bruce/slam/slam-8]: started with pid [95611][0m
[1mprocess[rviz-9]: started with pid [95612][0m
[rviz-9] killing on exit
[bruce/slam/slam-8] killing on exit
[bruce/slam/feature_extraction-7] killing on exit
[bruce/slam/odom_bridge-5] killing on exit
[rosbag_play-2] killing on exit
[bruce/slam/sonar_bridge-6] killing on exit
[bruce/slam/gt_odom_to_pose-3] killing on exit
[bruce/slam/dvl_imu_odom-4] killing on exit
[rosout-1] killing on exit
[master] killing on exit
shutting down processing monitor...
... shutting down processing monitor complete
[1mdone[0m
[run_slam] Terminé. Analyse : ./analyse.sh run_holoocean_2026-07-15_210132
[analyse] /home/nathanrasami/Documents/Polytech/Stage4A/SLAM/sonar-SLAM/results/run_holoocean_2026-07-15_210132
— holoocean_report.py
run_holoocean_2026-07-15_210132 : ATE Umeyama 6.97 m (origine 13.28) | DR 0.05 (0.14)
-> /home/nathanrasami/Documents/Polytech/Stage4A/SLAM/sonar-SLAM/results/run_holoocean_2026-07-15_210132/carte_finale.png
-> /home/nathanrasami/Documents/Polytech/Stage4A/SLAM/sonar-SLAM/results/run_holoocean_2026-07-15_210132/error_over_time.png
-> /home/nathanrasami/Documents/Polytech/Stage4A/SLAM/sonar-SLAM/results/run_holoocean_2026-07-15_210132/pointcloud_map.png
-> /home/nathanrasami/Documents/Polytech/Stage4A/SLAM/sonar-SLAM/results/run_holoocean_2026-07-15_210132/pointcloud_filtered.png
-> /home/nathanrasami/Documents/Polytech/Stage4A/SLAM/sonar-SLAM/results/run_holoocean_2026-07-15_210132/trajectory_plot.png
-> /home/nathanrasami/Documents/Polytech/Stage4A/SLAM/sonar-SLAM/results/run_holoocean_2026-07-15_210132/trajectory_plot_origine.png
-> /home/nathanrasami/Documents/Polytech/Stage4A/SLAM/sonar-SLAM/results/run_holoocean_2026-07-15_210132/trajectory_comparison.png
— paper_eval.py

===== run_holoocean_2026-07-15_210132 — run_holoocean_2026-07-15_210132 (KF=852, det(R)=+1)
ATE  : Umeyama SE(2) 6.97 m | premiere-pose 13.28 m | sim(2) echelle 6.86 m (s=1.0443)
Odom : Umeyama 0.05 m | premiere-pose 0.14 m | RE 0.09 % / 0.001 deg/m
RE   : translation 7.72 % | rotation 0.037 deg/m (segments 10 %)
S1   : ATE fp 4.64 m | ATE um 2.80 m | RE 8.29 % / 0.055 deg/m
S2   : ATE fp 3.25 m | ATE um 0.99 m | RE 4.00 % / 0.061 deg/m
S3   : ATE fp 5.62 m | ATE um 2.61 m | RE 12.09 % / 0.186 deg/m
Cap  : med 0.8 deg RMS 1.8 deg (s=+1, beta=-0.1 deg)
Cloud: NN auto 0.090 m | vs cloud-GT med 0.22 m p90 1.59 m (58549 pts)
— carte_3d.py (conteneur)
/sonar_points : std(z) méd 0.00/p90 0.00 | std(x) 3.95 std(y) 8.88 m (auv0, repère véhicule) → pseudo-3D (tranches), EXCLU
/sonar_vert_points : std(z) méd 6.80/p90 6.92 | std(x) 2.75 std(y) 0.00 m (auv0, repère véhicule) → fan VERTICAL avant, le « + » (1 paroi/faisceau)
→ carte STRUCTURELLE (fan VERTICAL avant, le « + » (1 paroi/faisceau)) depuis ['/sonar_vert_points'] ; autres sources exclues.
filtre anti-résidus [SLAM] : -24549 surface, -14530 fantômes hors-plan → 51,523 pts
filtre anti-résidus [GT] : -24393 surface, -17846 fantômes hors-plan → 48,081 pts
carte : 51,523 pts bruts → 23,658 pts (structurel — fan vertical avant (« + »), 1 paroi/faisceau (voxel 0.2 m))
carte GT-free vs carte GT (Umeyama) : NN méd 1.274 m | p90 8.551 m
comblage sonar horizontal : 25,829 pts (bateau + tablier hors portée du profiler)
-> /home/nathanrasami/Documents/Polytech/Stage4A/SLAM/sonar-SLAM/results/run_holoocean_2026-07-15_210132/carte_3d.html
-> /home/nathanrasami/Documents/Polytech/Stage4A/SLAM/sonar-SLAM/results/run_holoocean_2026-07-15_210132/carte_3d.png/.npy
— bilan_run.py
run_holoocean_2026-07-15_210132 : KF=852 ATE=6.97 m | cap méd=0.8° RMS=1.8° (s=+1, β=-0°) | cloud 58549 pts NN=0.090
-> /home/nathanrasami/Documents/Polytech/Stage4A/SLAM/sonar-SLAM/results/run_holoocean_2026-07-15_210132/bilan_run.png
[analyse] terminé — fichiers dans /home/nathanrasami/Documents/Polytech/Stage4A/SLAM/sonar-SLAM/results/run_holoocean_2026-07-15_210132
